06-16 04:36 root         INFO     Loading starting molecules from dataset1/starting_mols.pkl
06-16 04:36 root         INFO     23081629 starting molecules loaded
06-16 04:36 root         INFO     190 routes extracted from dataset1/test_mols.pkl loaded
06-16 04:36 root         INFO     Templates: one_step_model/template_rules_1.dat
06-16 04:36 root         INFO     Loading trained mlp model from one_step_model/saved_rollout_state_1_2048.ckpt
06-16 04:37 root         INFO     Expansion fails on O=S(Cl)Cl!
06-16 04:37 root         INFO     Expansion fails on O=S(Cl)Cl!
06-16 04:37 root         INFO     Expansion fails on O=S(Cl)Cl!
06-16 04:38 root         INFO     Expansion fails on O=S(Cl)Cl!
06-16 04:38 root         INFO     Expansion fails on O=O!
06-16 04:38 root         INFO     Expansion fails on O=S(Cl)Cl!
06-16 04:38 root         INFO     Final search status | success value | iter: 6.945529017511442 | inf | 400
06-16 04:38 root         INFO     Succ: 0/1/190 | avg time: 135.98 s | avg iter: 400.00
06-16 04:39 root         INFO     Synthesis route found!
06-16 04:39 root         INFO     Final search status | success value | iter: 5.636525863159296 | 12.544281142141434 | 187
06-16 04:39 root         INFO     Succ: 1/2/190 | avg time: 97.75 s | avg iter: 293.50
06-16 04:39 root         INFO     Expansion fails on Cl[Sb](Cl)(Cl)(Cl)Cl!
06-16 04:39 root         INFO     Expansion fails on C[Mg]Br!
06-16 04:40 root         INFO     Expansion fails on C[Mg]Cl!
06-16 04:40 root         INFO     Expansion fails on C[Mg]Br!
06-16 04:40 root         INFO     Expansion fails on C[Mg]Cl!
06-16 04:40 root         INFO     Expansion fails on C[Mg]Cl!
06-16 04:40 root         INFO     Expansion fails on C[Mg]Cl!
06-16 04:40 root         INFO     Expansion fails on C[Mg]Br!
06-16 04:40 root         INFO     Expansion fails on C[Mg]Br!
06-16 04:40 root         INFO     Expansion fails on C[Mg]Br!
06-16 04:40 root         INFO     Expansion fails on C[Mg]Cl!
06-16 04:40 root         INFO     Expansion fails on C[Mg]Cl!
06-16 04:40 root         INFO     Synthesis route found!
06-16 04:40 root         INFO     Final search status | success value | iter: 5.5400774638767505 | 12.447832742858887 | 83
06-16 04:40 root         INFO     Succ: 2/3/190 | avg time: 75.34 s | avg iter: 223.33
06-16 04:40 root         INFO     Synthesis route found!
06-16 04:40 root         INFO     Final search status | success value | iter: 0.47280198937749707 | 0.47280222589013016 | 7
06-16 04:40 root         INFO     Succ: 3/4/190 | avg time: 56.91 s | avg iter: 169.25
06-16 04:43 root         INFO     Final search status | success value | iter: 6.394617503240228 | inf | 400
06-16 04:43 root         INFO     Succ: 3/5/190 | avg time: 79.89 s | avg iter: 215.40
06-16 04:43 root         INFO     Synthesis route found!
06-16 04:43 root         INFO     Final search status | success value | iter: 5.069956145468633 | 7.327710486951582 | 101
06-16 04:43 root         INFO     Succ: 4/6/190 | avg time: 72.84 s | avg iter: 196.33
06-16 04:47 root         INFO     Final search status | success value | iter: 6.47222360185614 | inf | 400
06-16 04:47 root         INFO     Succ: 4/7/190 | avg time: 93.81 s | avg iter: 225.43
06-16 04:48 root         INFO     Expansion fails on O=S(Cl)Cl!
06-16 04:50 root         INFO     Final search status | success value | iter: 6.6844870466243105 | inf | 400
06-16 04:50 root         INFO     Succ: 4/8/190 | avg time: 102.61 s | avg iter: 247.25
06-16 04:50 root         INFO     Synthesis route found!
06-16 04:50 root         INFO     Final search status | success value | iter: 6.392366555820209 | 13.300121834802347 | 57
06-16 04:50 root         INFO     Succ: 5/9/190 | avg time: 93.18 s | avg iter: 226.11
06-16 04:51 root         INFO     Expansion fails on C=NN=O!
06-16 04:51 root         INFO     Synthesis route found!
06-16 04:51 root         INFO     Final search status | success value | iter: 5.922811857029671 | 9.841124581106973 | 150
06-16 04:51 root         INFO     Succ: 6/10/190 | avg time: 88.80 s | avg iter: 218.50
06-16 04:51 root         INFO     Synthesis route found!
06-16 04:51 root         INFO     Final search status | success value | iter: 4.900933078833471 | 4.920680105659674 | 106
06-16 04:51 root         INFO     Succ: 7/11/190 | avg time: 83.86 s | avg iter: 208.27
06-16 04:52 root         INFO     Expansion fails on O=P(Cl)(Cl)Cl!
06-16 04:52 root         INFO     Expansion fails on O=S(Cl)Cl!
06-16 04:52 root         INFO     Synthesis route found!
06-16 04:52 root         INFO     Final search status | success value | iter: 3.8076218939332693 | 3.807626400956016 | 16
06-16 04:52 root         INFO     Succ: 8/12/190 | avg time: 77.32 s | avg iter: 192.25
06-16 04:52 root         INFO     Synthesis route found!
06-16 04:52 root         INFO     Final search status | success value | iter: 0.37398132626649244 | 0.758151927744966 | 4
06-16 04:52 root         INFO     Succ: 9/13/190 | avg time: 71.47 s | avg iter: 177.77
06-16 04:52 root         INFO     Expansion fails on O=S(Cl)Cl!
06-16 04:53 root         INFO     Expansion fails on O=S(Cl)Cl!
06-16 04:53 root         INFO     Synthesis route found!
06-16 04:53 root         INFO     Final search status | success value | iter: 6.927660987547921 | 10.11455420238141 | 238
06-16 04:53 root         INFO     Succ: 10/14/190 | avg time: 73.30 s | avg iter: 182.07
06-16 04:53 root         INFO     Expansion fails on O=S(Cl)Cl!
06-16 04:53 root         INFO     Expansion fails on O=S(Cl)Cl!
06-16 04:53 root         INFO     Expansion fails on O=S(Cl)Cl!
06-16 04:54 root         INFO     Expansion fails on C[Mg]Cl!
06-16 04:54 root         INFO     Expansion fails on O=S(Cl)Cl!
06-16 04:54 root         INFO     Expansion fails on O=S(Cl)Cl!
06-16 04:54 root         INFO     Expansion fails on O=S(Cl)Cl!
06-16 04:54 root         INFO     Synthesis route found!
06-16 04:54 root         INFO     Final search status | success value | iter: 6.907755278982137 | 8.00936443671011 | 114
06-16 04:54 root         INFO     Succ: 11/15/190 | avg time: 70.68 s | avg iter: 177.53
06-16 04:54 root         INFO     Synthesis route found!
06-16 04:54 root         INFO     Final search status | success value | iter: 0.4745721724951093 | 0.47486914061831403 | 4
06-16 04:54 root         INFO     Succ: 12/16/190 | avg time: 66.32 s | avg iter: 166.69
06-16 04:54 root         INFO     Synthesis route found!
06-16 04:54 root         INFO     Final search status | success value | iter: 5.214048457533984 | 9.132361181611286 | 58
06-16 04:54 root         INFO     Succ: 13/17/190 | avg time: 63.48 s | avg iter: 160.29
06-16 04:54 root         INFO     Synthesis route found!
06-16 04:54 root         INFO     Final search status | success value | iter: 0.7421717137983338 | 0.7421949739273888 | 6
06-16 04:54 root         INFO     Succ: 14/18/190 | avg time: 60.11 s | avg iter: 151.72
06-16 04:55 root         INFO     Synthesis route found!
06-16 04:55 root         INFO     Final search status | success value | iter: 6.059808743317794 | 12.967564022299932 | 108
06-16 04:55 root         INFO     Succ: 15/19/190 | avg time: 58.68 s | avg iter: 149.42
06-16 04:57 root         INFO     Expansion fails on O=S(=O)([O-])Cl!
06-16 04:57 root         INFO     Final search status | success value | iter: 6.660847226019261 | inf | 400
06-16 04:57 root         INFO     Succ: 15/20/190 | avg time: 63.39 s | avg iter: 161.95
06-16 04:57 root         INFO     Synthesis route found!
06-16 04:57 root         INFO     Final search status | success value | iter: 4.7824433753502475 | 6.0588479690814205 | 8
06-16 04:57 root         INFO     Succ: 16/21/190 | avg time: 60.55 s | avg iter: 154.62
06-16 05:01 root         INFO     Final search status | success value | iter: 6.399995302017559 | inf | 400
06-16 05:01 root         INFO     Succ: 16/22/190 | avg time: 68.01 s | avg iter: 165.77
06-16 05:01 root         INFO     Synthesis route found!
06-16 05:01 root         INFO     Final search status | success value | iter: 1.000001541260215 | 1.000117104361394 | 5
06-16 05:01 root         INFO     Succ: 17/23/190 | avg time: 65.19 s | avg iter: 158.78
06-16 05:05 root         INFO     Final search status | success value | iter: 6.495320202816691 | inf | 400
06-16 05:05 root         INFO     Succ: 17/24/190 | avg time: 71.67 s | avg iter: 168.83
06-16 05:05 root         INFO     Expansion fails on O=S(Cl)Cl!
06-16 05:05 root         INFO     Expansion fails on O=S(Cl)Cl!
06-16 05:05 root         INFO     Expansion fails on O=S(Cl)Cl!
06-16 05:05 root         INFO     Expansion fails on O=S(Cl)Cl!
06-16 05:06 root         INFO     Expansion fails on O=S(Cl)Cl!
06-16 05:06 root         INFO     Expansion fails on O=S(Cl)Cl!
06-16 05:06 root         INFO     Expansion fails on O=S(Cl)Cl!
06-16 05:06 root         INFO     Expansion fails on O=S(Cl)Cl!
06-16 05:06 root         INFO     Expansion fails on O=S(Cl)Cl!
06-16 05:06 root         INFO     Expansion fails on O=S(Cl)Cl!
06-16 05:07 root         INFO     Expansion fails on O=S(Cl)Cl!
06-16 05:07 root         INFO     Expansion fails on O=S(Cl)Cl!
06-16 05:07 root         INFO     Expansion fails on O=S(Cl)Cl!
06-16 05:07 root         INFO     Expansion fails on O=S(Cl)Cl!
06-16 05:07 root         INFO     Expansion fails on O=S(Cl)Cl!
06-16 05:07 root         INFO     Expansion fails on O=S(Cl)Cl!
06-16 05:07 root         INFO     Expansion fails on O=S(Cl)Cl!
06-16 05:07 root         INFO     Expansion fails on O=S(Cl)Cl!
06-16 05:07 root         INFO     Expansion fails on O=S(Cl)Cl!
06-16 05:07 root         INFO     Expansion fails on O=S(Cl)Cl!
06-16 05:08 root         INFO     Final search status | success value | iter: 7.170970405460133 | inf | 400
06-16 05:08 root         INFO     Succ: 17/25/190 | avg time: 75.96 s | avg iter: 178.08
06-16 05:08 root         INFO     Synthesis route found!
06-16 05:08 root         INFO     Final search status | success value | iter: 0.010410179881368274 | 0.15868886234794674 | 3
06-16 05:08 root         INFO     Succ: 18/26/190 | avg time: 73.07 s | avg iter: 171.35
06-16 05:08 root         INFO     Expansion fails on O=S(Cl)Cl!
06-16 05:09 root         INFO     Expansion fails on O=S(Cl)Cl!
06-16 05:09 root         INFO     Expansion fails on O=S(Cl)Cl!
06-16 05:09 root         INFO     Expansion fails on O=S(Cl)Cl!
06-16 05:10 root         INFO     Expansion fails on O=S(Cl)Cl!
06-16 05:10 root         INFO     Synthesis route found!
06-16 05:10 root         INFO     Final search status | success value | iter: 7.774282163540181 | 9.8913179743547 | 311
06-16 05:10 root         INFO     Succ: 19/27/190 | avg time: 74.80 s | avg iter: 176.52
06-16 05:10 root         INFO     Expansion fails on O=S(Cl)Cl!
06-16 05:10 root         INFO     Expansion fails on O=S(Cl)Cl!
06-16 05:10 root         INFO     Expansion fails on O=S(Cl)Cl!
06-16 05:11 root         INFO     Expansion fails on O=S(Cl)Cl!
06-16 05:11 root         INFO     Expansion fails on O=S(Cl)Cl!
06-16 05:11 root         INFO     Expansion fails on O=S(Cl)Cl!
06-16 05:11 root         INFO     Expansion fails on O=S(Cl)Cl!
06-16 05:12 root         INFO     Expansion fails on O=S(Cl)Cl!
06-16 05:12 root         INFO     Expansion fails on O=S(Cl)Cl!
06-16 05:12 root         INFO     Expansion fails on O=S(Cl)Cl!
06-16 05:12 root         INFO     Expansion fails on O=S(Cl)Cl!
06-16 05:12 root         INFO     Expansion fails on O=[Mn](=O)(=O)[O-]!
06-16 05:12 root         INFO     Final search status | success value | iter: 6.907755278982137 | inf | 400
06-16 05:12 root         INFO     Succ: 19/28/190 | avg time: 77.08 s | avg iter: 184.50
06-16 05:12 root         INFO     Synthesis route found!
06-16 05:12 root         INFO     Final search status | success value | iter: 0.14931096810203714 | 0.1493237053340264 | 7
06-16 05:12 root         INFO     Succ: 20/29/190 | avg time: 74.49 s | avg iter: 178.38
06-16 05:13 root         INFO     Synthesis route found!
06-16 05:13 root         INFO     Final search status | success value | iter: 5.17075023518849 | 10.941444600019466 | 73
06-16 05:13 root         INFO     Succ: 21/30/190 | avg time: 72.79 s | avg iter: 174.87
06-16 05:14 root         INFO     Synthesis route found!
06-16 05:14 root         INFO     Final search status | success value | iter: 5.574117981988527 | 6.532385034366952 | 171
06-16 05:14 root         INFO     Succ: 22/31/190 | avg time: 73.25 s | avg iter: 174.74
06-16 05:14 root         INFO     Expansion fails on O=S(Cl)Cl!
06-16 05:15 root         INFO     Synthesis route found!
06-16 05:15 root         INFO     Final search status | success value | iter: 5.741921525462995 | 9.182854960702512 | 87
06-16 05:15 root         INFO     Succ: 23/32/190 | avg time: 71.96 s | avg iter: 172.00
06-16 05:15 root         INFO     Expansion fails on O=S(Cl)Cl!
06-16 05:15 root         INFO     Expansion fails on O=S(Cl)Cl!
06-16 05:15 root         INFO     Expansion fails on O=S(Cl)Cl!
06-16 05:15 root         INFO     Expansion fails on O=S(Cl)Cl!
06-16 05:15 root         INFO     Expansion fails on O=S(Cl)Cl!
06-16 05:15 root         INFO     Synthesis route found!
06-16 05:15 root         INFO     Final search status | success value | iter: 5.297449202916399 | 7.5552035443993475 | 96
06-16 05:15 root         INFO     Succ: 24/33/190 | avg time: 70.98 s | avg iter: 169.70
06-16 05:17 root         INFO     Expansion fails on O=S(Cl)Cl!
06-16 05:18 root         INFO     Synthesis route found!
06-16 05:18 root         INFO     Final search status | success value | iter: 7.308990534797178 | 9.825981236300137 | 359
06-16 05:18 root         INFO     Succ: 25/34/190 | avg time: 74.20 s | avg iter: 175.26
06-16 05:19 root         INFO     Synthesis route found!
06-16 05:19 root         INFO     Final search status | success value | iter: 4.863120738602718 | 5.610577658685056 | 90
06-16 05:19 root         INFO     Succ: 26/35/190 | avg time: 73.04 s | avg iter: 172.83
06-16 05:21 root         INFO     Synthesis route found!
06-16 05:21 root         INFO     Final search status | success value | iter: 8.678136784475836 | 15.585892063457973 | 299
06-16 05:21 root         INFO     Succ: 27/36/190 | avg time: 75.00 s | avg iter: 176.33
06-16 05:23 root         INFO     Synthesis route found!
06-16 05:23 root         INFO     Final search status | success value | iter: 7.2067142625262886 | 14.114469541508425 | 347
06-16 05:23 root         INFO     Succ: 28/37/190 | avg time: 75.94 s | avg iter: 180.95
06-16 05:24 root         INFO     Expansion fails on O=O!
06-16 05:24 root         INFO     Expansion fails on O=S(=O)(Cl)Cl!
06-16 05:24 root         INFO     Synthesis route found!
06-16 05:24 root         INFO     Final search status | success value | iter: 8.434885854167405 | 9.18234277424974 | 248
06-16 05:24 root         INFO     Succ: 29/38/190 | avg time: 76.34 s | avg iter: 182.71
06-16 05:25 root         INFO     Expansion fails on [O-][I+2]([O-])O[I+2]([O-])[O-]!
06-16 05:27 root         INFO     Final search status | success value | iter: 6.777086335427515 | inf | 400
06-16 05:27 root         INFO     Succ: 29/39/190 | avg time: 77.86 s | avg iter: 188.28
06-16 05:27 root         INFO     Expansion fails on O=S(Cl)Cl!
06-16 05:27 root         INFO     Expansion fails on O=S(Cl)Cl!
06-16 05:28 root         INFO     Synthesis route found!
06-16 05:28 root         INFO     Final search status | success value | iter: 6.104529991857433 | 6.793246940038461 | 154
06-16 05:28 root         INFO     Succ: 30/40/190 | avg time: 77.33 s | avg iter: 187.43
06-16 05:31 root         INFO     Synthesis route found!
06-16 05:31 root         INFO     Final search status | success value | iter: 6.426285777159321 | 6.431303646729123 | 393
06-16 05:31 root         INFO     Succ: 31/41/190 | avg time: 80.85 s | avg iter: 192.44
06-16 05:31 root         INFO     Synthesis route found!
06-16 05:31 root         INFO     Final search status | success value | iter: 2.0922971558872714 | 2.6523697576139846 | 8
06-16 05:31 root         INFO     Succ: 32/42/190 | avg time: 78.99 s | avg iter: 188.05
06-16 05:31 root         INFO     Synthesis route found!
06-16 05:31 root         INFO     Final search status | success value | iter: 0.05439582721641621 | 0.05523783756119358 | 2
06-16 05:31 root         INFO     Succ: 33/43/190 | avg time: 77.16 s | avg iter: 183.72
06-16 05:35 root         INFO     Final search status | success value | iter: 6.387424472949057 | inf | 400
06-16 05:35 root         INFO     Succ: 33/44/190 | avg time: 80.69 s | avg iter: 188.64
06-16 05:36 root         INFO     Expansion fails on O=S(Cl)Cl!
06-16 05:36 root         INFO     Expansion fails on O=S(Cl)Cl!
06-16 05:36 root         INFO     Synthesis route found!
06-16 05:36 root         INFO     Final search status | success value | iter: 5.496358013254356 | 7.754112354737304 | 80
06-16 05:36 root         INFO     Succ: 34/45/190 | avg time: 79.62 s | avg iter: 186.22
06-16 05:36 root         INFO     Expansion fails on O=S(Cl)Cl!
06-16 05:36 root         INFO     Expansion fails on O=S(Cl)Cl!
06-16 05:36 root         INFO     Expansion fails on O=S(Cl)Cl!
06-16 05:36 root         INFO     Expansion fails on O=S(Cl)Cl!
06-16 05:37 root         INFO     Expansion fails on O=S(Cl)Cl!
06-16 05:37 root         INFO     Expansion fails on O=S(Cl)Cl!
06-16 05:37 root         INFO     Expansion fails on O=S(Cl)Cl!
06-16 05:37 root         INFO     Expansion fails on O=S(Cl)Cl!
06-16 05:37 root         INFO     Expansion fails on O=S(Cl)Cl!
06-16 05:37 root         INFO     Expansion fails on O=S(Cl)Cl!
06-16 05:37 root         INFO     Expansion fails on O=S(Cl)Cl!
06-16 05:37 root         INFO     Expansion fails on O=S(Cl)Cl!
06-16 05:37 root         INFO     Expansion fails on O=S(Cl)Cl!
06-16 05:37 root         INFO     Expansion fails on O=S(Cl)Cl!
06-16 05:37 root         INFO     Expansion fails on O=S(Cl)Cl!
06-16 05:37 root         INFO     Expansion fails on O=S(Cl)Cl!
06-16 05:38 root         INFO     Expansion fails on O=S(Cl)Cl!
06-16 05:38 root         INFO     Expansion fails on O=S(Cl)Cl!
06-16 05:38 root         INFO     Expansion fails on O=S(Cl)Cl!
06-16 05:38 root         INFO     Expansion fails on O=S(Cl)Cl!
06-16 05:39 root         INFO     Expansion fails on O=S(Cl)Cl!
06-16 05:39 root         INFO     Final search status | success value | iter: 7.014642507644651 | inf | 400
06-16 05:39 root         INFO     Succ: 34/46/190 | avg time: 81.67 s | avg iter: 190.87
06-16 05:40 root         INFO     Synthesis route found!
06-16 05:40 root         INFO     Final search status | success value | iter: 5.545960522993615 | 8.474958268371337 | 114
06-16 05:40 root         INFO     Succ: 35/47/190 | avg time: 80.93 s | avg iter: 189.23
06-16 05:40 root         INFO     Expansion fails on O=S(Cl)Cl!
06-16 05:40 root         INFO     Expansion fails on O=S(Cl)Cl!
06-16 05:40 root         INFO     Expansion fails on O=S(Cl)Cl!
06-16 05:41 root         INFO     Expansion fails on O=S(Cl)Cl!
06-16 05:41 root         INFO     Expansion fails on O=O!
06-16 05:41 root         INFO     Expansion fails on O=S(Cl)Cl!
06-16 05:42 root         INFO     Final search status | success value | iter: 7.104030972417768 | inf | 400
06-16 05:42 root         INFO     Succ: 35/48/190 | avg time: 82.00 s | avg iter: 193.62
06-16 05:42 root         INFO     Expansion fails on O=S(Cl)Cl!
06-16 05:42 root         INFO     Expansion fails on Cn1oc(=O)nc1SSc1nc(=O)on1C!
06-16 05:42 root         INFO     Expansion fails on Cn1oc(=O)nc1S(=O)[O-]!
06-16 05:42 root         INFO     Expansion fails on O=P(Cl)(Cl)Cl!
06-16 05:42 root         INFO     Expansion fails on Cn1oc(=O)nc1SC(=O)Cl!
06-16 05:42 root         INFO     Expansion fails on O=S(Cl)Cl!
06-16 05:42 root         INFO     Expansion fails on Cn1oc(=O)nc1SC#N!
06-16 05:42 root         INFO     Expansion fails on O=S(Cl)Cl!
06-16 05:42 root         INFO     Expansion fails on O=S(Cl)Cl!
06-16 05:42 root         INFO     Expansion fails on O=S(Cl)Cl!
06-16 05:42 root         INFO     Expansion fails on O=S(Cl)Cl!
06-16 05:42 root         INFO     Expansion fails on O=S(Cl)Cl!
06-16 05:42 root         INFO     Expansion fails on O=S(Cl)Cl!
06-16 05:42 root         INFO     Expansion fails on O=S(Cl)Cl!
06-16 05:42 root         INFO     Expansion fails on O=S(Cl)Cl!
06-16 05:43 root         INFO     Synthesis route found!
06-16 05:43 root         INFO     Final search status | success value | iter: 6.929165054393434 | 6.98734119690124 | 218
06-16 05:43 root         INFO     Succ: 36/49/190 | avg time: 81.54 s | avg iter: 194.12
06-16 05:46 root         INFO     Synthesis route found!
06-16 05:46 root         INFO     Final search status | success value | iter: 7.302427925389972 | 7.307291213034539 | 393
06-16 05:46 root         INFO     Succ: 37/50/190 | avg time: 83.63 s | avg iter: 198.10
06-16 05:46 root         INFO     Expansion fails on O=S(Cl)Cl!
06-16 05:46 root         INFO     Expansion fails on O=S(Cl)Cl!
06-16 05:46 root         INFO     Expansion fails on O=P(Cl)(Cl)Cl!
06-16 05:46 root         INFO     Expansion fails on O=S(Cl)Cl!
06-16 05:46 root         INFO     Expansion fails on O=S(Cl)Cl!
06-16 05:46 root         INFO     Expansion fails on O=P(Cl)(Cl)Cl!
06-16 05:46 root         INFO     Expansion fails on O=P(Cl)(Cl)Cl!
06-16 05:46 root         INFO     Expansion fails on O=P(Cl)(Cl)Cl!
06-16 05:46 root         INFO     Expansion fails on O=S(Cl)Cl!
06-16 05:46 root         INFO     Expansion fails on O=P(Cl)(Cl)Cl!
06-16 05:46 root         INFO     Expansion fails on O=P(Cl)(Cl)Cl!
06-16 05:46 root         INFO     Expansion fails on O=P(Cl)(Cl)Cl!
06-16 05:46 root         INFO     Synthesis route found!
06-16 05:46 root         INFO     Final search status | success value | iter: 5.238747060717363 | 12.1465023396995 | 123
06-16 05:46 root         INFO     Succ: 38/51/190 | avg time: 82.74 s | avg iter: 196.63
06-16 05:47 root         INFO     Synthesis route found!
06-16 05:47 root         INFO     Final search status | success value | iter: 1.3985581666344264 | 1.3985584031470595 | 8
06-16 05:47 root         INFO     Succ: 39/52/190 | avg time: 81.23 s | avg iter: 193.00
06-16 05:47 root         INFO     Expansion fails on O=S(Cl)Cl!
06-16 05:47 root         INFO     Expansion fails on O=S(Cl)Cl!
06-16 05:47 root         INFO     Expansion fails on O=S(Cl)Cl!
06-16 05:47 root         INFO     Expansion fails on O=S(Cl)Cl!
06-16 05:47 root         INFO     Synthesis route found!
06-16 05:47 root         INFO     Final search status | success value | iter: 5.553929837347133 | 5.563439617492666 | 132
06-16 05:47 root         INFO     Succ: 40/53/190 | avg time: 80.58 s | avg iter: 191.85
06-16 05:47 root         INFO     Synthesis route found!
06-16 05:47 root         INFO     Final search status | success value | iter: 0.043054935704407306 | 5.000990542313033 | 3
06-16 05:47 root         INFO     Succ: 41/54/190 | avg time: 79.12 s | avg iter: 188.35
06-16 05:48 root         INFO     Synthesis route found!
06-16 05:48 root         INFO     Final search status | success value | iter: 5.170762222868899 | 10.941456587699875 | 74
06-16 05:48 root         INFO     Succ: 42/55/190 | avg time: 78.14 s | avg iter: 186.27
06-16 05:51 root         INFO     Final search status | success value | iter: 6.877359151854338 | inf | 400
06-16 05:51 root         INFO     Succ: 42/56/190 | avg time: 80.19 s | avg iter: 190.09
06-16 05:52 root         INFO     Synthesis route found!
06-16 05:52 root         INFO     Final search status | success value | iter: 5.810983690942057 | 6.287217788036277 | 148
06-16 05:52 root         INFO     Succ: 43/57/190 | avg time: 80.21 s | avg iter: 189.35
06-16 05:52 root         INFO     Expansion fails on O=S(Cl)Cl!
06-16 05:52 root         INFO     Expansion fails on O=S(Cl)Cl!
06-16 05:52 root         INFO     Expansion fails on O=S(Cl)Cl!
06-16 05:52 root         INFO     Expansion fails on O=S(Cl)Cl!
06-16 05:53 root         INFO     Expansion fails on O=S(Cl)Cl!
06-16 05:53 root         INFO     Expansion fails on O=S(Cl)Cl!
06-16 05:54 root         INFO     Expansion fails on O=S(Cl)Cl!
06-16 05:54 root         INFO     Expansion fails on O=S(Cl)Cl!
06-16 05:54 root         INFO     Expansion fails on O=S(Cl)Cl!
06-16 05:54 root         INFO     Expansion fails on O=S(Cl)Cl!
06-16 05:54 root         INFO     Expansion fails on O=S(Cl)Cl!
06-16 05:54 root         INFO     Final search status | success value | iter: 9.136270504927014 | inf | 400
06-16 05:54 root         INFO     Succ: 43/58/190 | avg time: 80.94 s | avg iter: 192.98
06-16 05:54 root         INFO     Expansion fails on C[Mg]Br!
06-16 05:54 root         INFO     Expansion fails on C[Mg]Br!
06-16 05:55 root         INFO     Synthesis route found!
06-16 05:55 root         INFO     Final search status | success value | iter: 6.91447060497023 | 7.6127629076643455 | 18
06-16 05:55 root         INFO     Succ: 44/59/190 | avg time: 79.72 s | avg iter: 190.02
06-16 05:55 root         INFO     Synthesis route found!
06-16 05:55 root         INFO     Final search status | success value | iter: 0.2906439926147355 | 0.29065672984672475 | 8
06-16 05:55 root         INFO     Succ: 45/60/190 | avg time: 78.43 s | avg iter: 186.98
06-16 05:55 root         INFO     Synthesis route found!
06-16 05:55 root         INFO     Final search status | success value | iter: 5.717907244304978 | 12.625662523287115 | 187
06-16 05:55 root         INFO     Succ: 46/61/190 | avg time: 78.04 s | avg iter: 186.98
06-16 05:58 root         INFO     Synthesis route found!
06-16 05:58 root         INFO     Final search status | success value | iter: 6.262202141610017 | 6.267220011179819 | 300
06-16 05:58 root         INFO     Succ: 47/62/190 | avg time: 79.39 s | avg iter: 188.81
06-16 05:59 root         INFO     Synthesis route found!
06-16 05:59 root         INFO     Final search status | success value | iter: 5.558873684833522 | 5.558977599368303 | 140
06-16 05:59 root         INFO     Succ: 48/63/190 | avg time: 78.90 s | avg iter: 188.03
06-16 06:03 root         INFO     Final search status | success value | iter: 6.357317675389018 | inf | 400
06-16 06:03 root         INFO     Succ: 48/64/190 | avg time: 81.49 s | avg iter: 191.34
06-16 06:04 root         INFO     Expansion fails on O=S(Cl)Cl!
06-16 06:05 root         INFO     Expansion fails on O=S(Cl)Cl!
06-16 06:06 root         INFO     Final search status | success value | iter: 6.721032431031112 | inf | 400
06-16 06:06 root         INFO     Succ: 48/65/190 | avg time: 82.58 s | avg iter: 194.55
06-16 06:06 root         INFO     Expansion fails on O=S(Cl)Cl!
06-16 06:06 root         INFO     Expansion fails on O=S(Cl)Cl!
06-16 06:06 root         INFO     Expansion fails on O=S(Cl)Cl!
06-16 06:06 root         INFO     Expansion fails on O=S(Cl)Cl!
06-16 06:06 root         INFO     Expansion fails on O=S(Cl)Cl!
06-16 06:06 root         INFO     Expansion fails on O=S(Cl)Cl!
06-16 06:06 root         INFO     Expansion fails on O=S(Cl)Cl!
06-16 06:06 root         INFO     Expansion fails on O=S(Cl)Cl!
06-16 06:06 root         INFO     Expansion fails on O=S(Cl)Cl!
06-16 06:07 root         INFO     Expansion fails on O=S(Cl)Cl!
06-16 06:07 root         INFO     Expansion fails on O=S(Cl)Cl!
06-16 06:07 root         INFO     Expansion fails on O=S(Cl)Cl!
06-16 06:07 root         INFO     Expansion fails on ClP(Cl)(Cl)(Cl)Cl!
06-16 06:07 root         INFO     Expansion fails on O=S(Cl)Cl!
06-16 06:07 root         INFO     Expansion fails on O=S(Cl)Cl!
06-16 06:07 root         INFO     Expansion fails on O=S(Cl)Cl!
06-16 06:08 root         INFO     Expansion fails on O=S(Cl)Cl!
06-16 06:08 root         INFO     Expansion fails on O=S(Cl)Cl!
06-16 06:08 root         INFO     Expansion fails on O=S(Cl)Cl!
06-16 06:08 root         INFO     Expansion fails on O=S(Cl)Cl!
06-16 06:08 root         INFO     Expansion fails on O=S(Cl)Cl!
06-16 06:08 root         INFO     Expansion fails on O=S(Cl)Cl!
06-16 06:08 root         INFO     Expansion fails on O=S(Cl)Cl!
06-16 06:08 root         INFO     Synthesis route found!
06-16 06:08 root         INFO     Final search status | success value | iter: 6.950550187587245 | 9.366703907691855 | 369
06-16 06:08 root         INFO     Succ: 49/66/190 | avg time: 83.86 s | avg iter: 197.20
06-16 06:09 root         INFO     Synthesis route found!
06-16 06:09 root         INFO     Final search status | success value | iter: 6.907755278982137 | 6.908198974809603 | 88
06-16 06:09 root         INFO     Succ: 50/67/190 | avg time: 83.16 s | avg iter: 195.57
06-16 06:10 root         INFO     Synthesis route found!
06-16 06:10 root         INFO     Final search status | success value | iter: 7.287122062815872 | 7.386464726173155 | 110
06-16 06:10 root         INFO     Succ: 51/68/190 | avg time: 82.57 s | avg iter: 194.31
06-16 06:10 root         INFO     Expansion fails on O=[Mn](=O)(=O)[O-]!
06-16 06:10 root         INFO     Expansion fails on O=[Mn](=O)(=O)[O-]!
06-16 06:10 root         INFO     Synthesis route found!
06-16 06:10 root         INFO     Final search status | success value | iter: 5.513201056363807 | 7.877300496829162 | 46
06-16 06:10 root         INFO     Succ: 52/69/190 | avg time: 81.59 s | avg iter: 192.16
06-16 06:14 root         INFO     Final search status | success value | iter: 6.471774705995118 | inf | 400
06-16 06:14 root         INFO     Succ: 52/70/190 | avg time: 83.58 s | avg iter: 195.13
06-16 06:14 root         INFO     Synthesis route found!
06-16 06:14 root         INFO     Final search status | success value | iter: 6.907755278982137 | 8.714302603350754 | 152
06-16 06:14 root         INFO     Succ: 53/71/190 | avg time: 83.11 s | avg iter: 194.52
06-16 06:14 root         INFO     Expansion fails on O=S(Cl)Cl!
06-16 06:15 root         INFO     Expansion fails on O=S(Cl)Cl!
06-16 06:15 root         INFO     Synthesis route found!
06-16 06:15 root         INFO     Final search status | success value | iter: 6.907755278982137 | 12.03642754089158 | 87
06-16 06:15 root         INFO     Succ: 54/72/190 | avg time: 82.31 s | avg iter: 193.03
06-16 06:16 root         INFO     Synthesis route found!
06-16 06:16 root         INFO     Final search status | success value | iter: 5.343046608054282 | 12.25080188703642 | 175
06-16 06:16 root         INFO     Succ: 55/73/190 | avg time: 82.06 s | avg iter: 192.78
06-16 06:17 root         INFO     Synthesis route found!
06-16 06:17 root         INFO     Final search status | success value | iter: 5.40230037674285 | 5.40731824631265 | 132
06-16 06:17 root         INFO     Succ: 56/74/190 | avg time: 81.74 s | avg iter: 191.96
06-16 06:18 root         INFO     Expansion fails on C=C1CC2(CC[C@]1(C)[C@H]1CC[C@]3(C)[C@@H](N(C=O)C4CC4)CC[C@H]3[C@@H]1CC#C[Si](C)(C)C)OCCO2!
06-16 06:18 root         INFO     Expansion fails on C=C1CC2(CC[C@]1(C)[C@H]1CC[C@]3(C)[C@@H](N(C=O)C4CC4)CC[C@H]3[C@@H]1CC#C[Si](C)(C)C)OCCO2!
06-16 06:19 root         INFO     Final search status | success value | iter: 8.53578437385521 | inf | 400
06-16 06:19 root         INFO     Succ: 56/75/190 | avg time: 82.43 s | avg iter: 194.73
06-16 06:19 root         INFO     Expansion fails on O=P(Cl)(Cl)Cl!
06-16 06:19 root         INFO     Expansion fails on O=P(Cl)(Cl)Cl!
06-16 06:19 root         INFO     Expansion fails on O=P(Br)(Br)Br!
06-16 06:19 root         INFO     Expansion fails on O=P(Cl)(Cl)Cl!
06-16 06:19 root         INFO     Expansion fails on O=P(Cl)(Cl)Cl!
06-16 06:20 root         INFO     Expansion fails on O=P(Cl)(Cl)Cl!
06-16 06:20 root         INFO     Expansion fails on O=P(Cl)(Cl)Cl!
06-16 06:20 root         INFO     Expansion fails on O=P(Cl)(Cl)Cl!
06-16 06:20 root         INFO     Expansion fails on O=P(Cl)(Cl)Cl!
06-16 06:20 root         INFO     Expansion fails on O=P(Cl)(Cl)Cl!
06-16 06:20 root         INFO     Expansion fails on O=P(Br)(Br)Br!
06-16 06:20 root         INFO     Expansion fails on O=P(Cl)(Cl)Cl!
06-16 06:20 root         INFO     Expansion fails on O=P(Cl)(Cl)Cl!
06-16 06:20 root         INFO     Expansion fails on O=P(Cl)(Cl)Cl!
06-16 06:20 root         INFO     Expansion fails on O=P(Br)(Br)Br!
06-16 06:20 root         INFO     Expansion fails on O=P(Cl)(Cl)Cl!
06-16 06:20 root         INFO     Expansion fails on O=P(Br)(Br)Br!
06-16 06:20 root         INFO     Expansion fails on O=P(Cl)(Cl)Cl!
06-16 06:20 root         INFO     Expansion fails on O=O!
06-16 06:20 root         INFO     Expansion fails on O=P(Cl)(Cl)Cl!
06-16 06:20 root         INFO     Expansion fails on O=P(Cl)(Cl)Cl!
06-16 06:20 root         INFO     Synthesis route found!
06-16 06:20 root         INFO     Final search status | success value | iter: 6.907755278982137 | 13.815510557964274 | 224
06-16 06:20 root         INFO     Succ: 57/76/190 | avg time: 82.21 s | avg iter: 195.12
06-16 06:21 root         INFO     Synthesis route found!
06-16 06:21 root         INFO     Final search status | success value | iter: 5.900015121930969 | 12.807770400913107 | 197
06-16 06:21 root         INFO     Succ: 58/77/190 | avg time: 81.87 s | avg iter: 195.14
06-16 06:21 root         INFO     Synthesis route found!
06-16 06:21 root         INFO     Final search status | success value | iter: 0.17926660073418296 | 0.1792704496043428 | 2
06-16 06:21 root         INFO     Succ: 59/78/190 | avg time: 80.82 s | avg iter: 192.67
06-16 06:21 root         INFO     Synthesis route found!
06-16 06:21 root         INFO     Final search status | success value | iter: 1.689660351005083 | 4.18174414717487 | 3
06-16 06:21 root         INFO     Succ: 60/79/190 | avg time: 79.85 s | avg iter: 190.27
06-16 06:21 root         INFO     Expansion fails on O=S(Cl)Cl!
06-16 06:21 root         INFO     Expansion fails on O=S(Cl)Cl!
06-16 06:21 root         INFO     Expansion fails on O=S(Cl)Cl!
06-16 06:22 root         INFO     Expansion fails on O=S(Cl)Cl!
06-16 06:22 root         INFO     Expansion fails on O=S(Cl)Cl!
06-16 06:22 root         INFO     Expansion fails on O=S(Cl)Cl!
06-16 06:22 root         INFO     Expansion fails on O=S(Cl)Cl!
06-16 06:22 root         INFO     Expansion fails on O=S(Cl)Cl!
06-16 06:22 root         INFO     Expansion fails on O=S(Cl)Cl!
06-16 06:22 root         INFO     Expansion fails on O=S(Cl)Cl!
06-16 06:22 root         INFO     Expansion fails on O=S(Cl)Cl!
06-16 06:22 root         INFO     Expansion fails on O=S(Cl)Cl!
06-16 06:22 root         INFO     Expansion fails on O=S(Cl)Cl!
06-16 06:22 root         INFO     Expansion fails on O=S(Cl)Cl!
06-16 06:23 root         INFO     Expansion fails on O=S(Cl)Cl!
06-16 06:23 root         INFO     Expansion fails on O=S(Cl)Cl!
06-16 06:23 root         INFO     Expansion fails on O=S(Cl)Cl!
06-16 06:23 root         INFO     Expansion fails on O=S(Cl)Cl!
06-16 06:23 root         INFO     Expansion fails on O=S(Cl)Cl!
06-16 06:23 root         INFO     Expansion fails on O=S(Cl)Cl!
06-16 06:24 root         INFO     Expansion fails on O=S(Cl)Cl!
06-16 06:24 root         INFO     Final search status | success value | iter: 7.123589026077793 | inf | 400
06-16 06:24 root         INFO     Succ: 60/80/190 | avg time: 81.03 s | avg iter: 192.89
06-16 06:24 root         INFO     Expansion fails on O=S(Cl)Cl!
06-16 06:24 root         INFO     Expansion fails on O=S(Cl)Cl!
06-16 06:25 root         INFO     Expansion fails on O=S(Cl)Cl!
06-16 06:25 root         INFO     Expansion fails on [Li]C#CS(=O)(=O)[O-]!
06-16 06:25 root         INFO     Expansion fails on O=P(Cl)(Cl)Cl!
06-16 06:25 root         INFO     Expansion fails on [Li]C#CS(=O)(=O)[O-]!
06-16 06:25 root         INFO     Expansion fails on O=S(Cl)Cl!
06-16 06:25 root         INFO     Expansion fails on ClP(Cl)(Cl)(Cl)Cl!
06-16 06:25 root         INFO     Synthesis route found!
06-16 06:25 root         INFO     Final search status | success value | iter: 6.297930764393014 | 13.20568604337515 | 128
06-16 06:25 root         INFO     Succ: 61/81/190 | avg time: 80.50 s | avg iter: 192.09
06-16 06:29 root         INFO     Final search status | success value | iter: 6.63646414567423 | inf | 400
06-16 06:29 root         INFO     Succ: 61/82/190 | avg time: 82.63 s | avg iter: 194.62
06-16 06:31 root         INFO     Synthesis route found!
06-16 06:31 root         INFO     Final search status | success value | iter: 6.9078693592499745 | 6.907909577416096 | 240
06-16 06:31 root         INFO     Succ: 62/83/190 | avg time: 82.73 s | avg iter: 195.17
06-16 06:31 root         INFO     Expansion fails on O=S(Cl)Cl!
06-16 06:31 root         INFO     Expansion fails on O=S(Cl)Cl!
06-16 06:31 root         INFO     Expansion fails on O=S(Cl)Cl!
06-16 06:31 root         INFO     Expansion fails on O=S(Cl)Cl!
06-16 06:31 root         INFO     Expansion fails on O=S(Cl)Cl!
06-16 06:31 root         INFO     Expansion fails on O=S(Cl)Cl!
06-16 06:31 root         INFO     Expansion fails on O=S(Cl)Cl!
06-16 06:31 root         INFO     Expansion fails on O=S(Cl)Cl!
06-16 06:32 root         INFO     Expansion fails on C[C@@H](n1ccn(C(=O)OC(C)(C)C)c1=O)[C@@]1(c2ccc(F)c(Cl)c2F)CO1!
06-16 06:32 root         INFO     Expansion fails on C[C@@H](n1ccn(C(=O)OC(C)(C)C)c1=O)[C@@]1(c2cc(Cl)c(F)cc2F)CO1!
06-16 06:32 root         INFO     Expansion fails on O=S(Cl)Cl!
06-16 06:32 root         INFO     Expansion fails on O=S(Cl)Cl!
06-16 06:32 root         INFO     Expansion fails on O=S(Cl)Cl!
06-16 06:32 root         INFO     Expansion fails on O=S(Cl)Cl!
06-16 06:32 root         INFO     Expansion fails on O=S(Cl)Cl!
06-16 06:32 root         INFO     Expansion fails on C[C@@H](n1ccn(C(=O)OC(C)(C)C)c1=O)[C@@]1(c2ccc(F)c(Cl)c2F)CO1!
06-16 06:32 root         INFO     Expansion fails on O=S(Cl)Cl!
06-16 06:32 root         INFO     Expansion fails on C[C@@H](n1ccn(C(=O)OC(C)(C)C)c1=O)[C@@]1(c2cc(Cl)c(F)cc2F)CO1!
06-16 06:32 root         INFO     Expansion fails on O=S(Cl)Cl!
06-16 06:32 root         INFO     Expansion fails on O=S(Cl)Cl!
06-16 06:32 root         INFO     Expansion fails on O=S(Cl)Cl!
06-16 06:32 root         INFO     Expansion fails on O=S(Cl)Cl!
06-16 06:32 root         INFO     Expansion fails on O=S(Cl)Cl!
06-16 06:32 root         INFO     Expansion fails on O=S(Cl)Cl!
06-16 06:32 root         INFO     Expansion fails on O=S(Cl)Cl!
06-16 06:32 root         INFO     Expansion fails on O=S(Cl)Cl!
06-16 06:32 root         INFO     Expansion fails on O=S(Cl)Cl!
06-16 06:32 root         INFO     Expansion fails on O=S(Cl)Cl!
06-16 06:33 root         INFO     Expansion fails on C[C@@H](n1ccn(C(=O)OC(C)(C)C)c1=O)[C@@]1(c2ccc(F)c(Cl)c2F)CO1!
06-16 06:33 root         INFO     Expansion fails on O=S(Cl)Cl!
06-16 06:33 root         INFO     Final search status | success value | iter: 8.40765119626052 | inf | 400
06-16 06:33 root         INFO     Succ: 62/84/190 | avg time: 83.23 s | avg iter: 197.61
06-16 06:34 root         INFO     Synthesis route found!
06-16 06:34 root         INFO     Final search status | success value | iter: 5.039121389260204 | 10.153771012275078 | 152
06-16 06:34 root         INFO     Succ: 63/85/190 | avg time: 83.20 s | avg iter: 197.07
06-16 06:36 root         INFO     Synthesis route found!
06-16 06:36 root         INFO     Final search status | success value | iter: 7.005994700589074 | 13.720676766991017 | 254
06-16 06:36 root         INFO     Succ: 64/86/190 | avg time: 83.35 s | avg iter: 197.73
06-16 06:36 root         INFO     Expansion fails on O=S(Cl)Cl!
06-16 06:36 root         INFO     Expansion fails on O=S(Cl)Cl!
06-16 06:36 root         INFO     Synthesis route found!
06-16 06:36 root         INFO     Final search status | success value | iter: 6.9078970920037115 | 13.815652370985848 | 104
06-16 06:36 root         INFO     Succ: 65/87/190 | avg time: 82.87 s | avg iter: 196.66
06-16 06:38 root         INFO     Expansion fails on O=S(Cl)Cl!
06-16 06:38 root         INFO     Expansion fails on O=S(Cl)Cl!
06-16 06:39 root         INFO     Final search status | success value | iter: 9.119420998734302 | inf | 400
06-16 06:39 root         INFO     Succ: 65/88/190 | avg time: 83.65 s | avg iter: 198.97
06-16 06:39 root         INFO     Synthesis route found!
06-16 06:39 root         INFO     Final search status | success value | iter: 0.7424800195604853 | 0.7425032796895402 | 7
06-16 06:39 root         INFO     Succ: 66/89/190 | avg time: 82.73 s | avg iter: 196.81
06-16 06:41 root         INFO     Synthesis route found!
06-16 06:41 root         INFO     Final search status | success value | iter: 8.434849162871721 | 9.182306082954057 | 303
06-16 06:41 root         INFO     Succ: 67/90/190 | avg time: 83.06 s | avg iter: 197.99
06-16 06:43 root         INFO     Expansion fails on C[Mg]Cl!
06-16 06:43 root         INFO     Final search status | success value | iter: 8.606831282985688 | inf | 400
06-16 06:43 root         INFO     Succ: 67/91/190 | avg time: 83.65 s | avg iter: 200.21
06-16 06:43 root         INFO     Synthesis route found!
06-16 06:43 root         INFO     Final search status | success value | iter: 0.9598587962661719 | 0.961950935821048 | 7
06-16 06:43 root         INFO     Succ: 68/92/190 | avg time: 82.77 s | avg iter: 198.11
06-16 06:43 root         INFO     Synthesis route found!
06-16 06:43 root         INFO     Final search status | success value | iter: 0.6639312986754633 | 2.767700305093083 | 5
06-16 06:43 root         INFO     Succ: 69/93/190 | avg time: 81.91 s | avg iter: 196.03
06-16 06:43 root         INFO     Synthesis route found!
06-16 06:43 root         INFO     Final search status | success value | iter: 0.1025722354521604 | 0.10300111578603349 | 4
06-16 06:43 root         INFO     Succ: 70/94/190 | avg time: 81.05 s | avg iter: 193.99
06-16 06:43 root         INFO     Expansion fails on O=S(Cl)Cl!
06-16 06:43 root         INFO     Expansion fails on O=S(Cl)Cl!
06-16 06:43 root         INFO     Expansion fails on O=S(Cl)Cl!
06-16 06:44 root         INFO     Expansion fails on O=S(Cl)Cl!
06-16 06:45 root         INFO     Expansion fails on O=S(Cl)Cl!
06-16 06:45 root         INFO     Expansion fails on O=S(Cl)Cl!
06-16 06:46 root         INFO     Expansion fails on O=S(Cl)Cl!
06-16 06:46 root         INFO     Expansion fails on O=S(Cl)Cl!
06-16 06:47 root         INFO     Final search status | success value | iter: 6.758002686313781 | inf | 400
06-16 06:47 root         INFO     Succ: 70/95/190 | avg time: 82.37 s | avg iter: 196.16
06-16 06:48 root         INFO     Synthesis route found!
06-16 06:48 root         INFO     Final search status | success value | iter: 5.208530613922119 | 12.116285892904259 | 155
06-16 06:48 root         INFO     Succ: 71/96/190 | avg time: 82.11 s | avg iter: 195.73
06-16 06:48 root         INFO     Synthesis route found!
06-16 06:48 root         INFO     Final search status | success value | iter: 5.645049204633274 | 12.354451862418282 | 76
06-16 06:48 root         INFO     Succ: 72/97/190 | avg time: 81.52 s | avg iter: 194.49
06-16 06:49 root         INFO     Synthesis route found!
06-16 06:49 root         INFO     Final search status | success value | iter: 5.64525927127841 | 5.645293721150426 | 117
06-16 06:49 root         INFO     Succ: 73/98/190 | avg time: 81.19 s | avg iter: 193.70
06-16 06:49 root         INFO     Expansion fails on O=P(Cl)(Cl)Cl!
06-16 06:49 root         INFO     Expansion fails on O=P(Cl)(Cl)Cl!
06-16 06:49 root         INFO     Expansion fails on O=P(Cl)(Cl)Cl!
06-16 06:49 root         INFO     Expansion fails on O=P(Cl)(Cl)Cl!
06-16 06:49 root         INFO     Expansion fails on O=P(Cl)(Cl)Cl!
06-16 06:49 root         INFO     Expansion fails on O=P(Cl)(Cl)Cl!
06-16 06:49 root         INFO     Expansion fails on O=P(Cl)(Cl)Cl!
06-16 06:49 root         INFO     Expansion fails on O=P(Cl)(Cl)Cl!
06-16 06:49 root         INFO     Expansion fails on O=P(Cl)(Cl)Cl!
06-16 06:49 root         INFO     Expansion fails on O=P(Cl)(Cl)Cl!
06-16 06:49 root         INFO     Synthesis route found!
06-16 06:49 root         INFO     Final search status | success value | iter: 5.70606951096159 | 12.613824789943726 | 81
06-16 06:49 root         INFO     Succ: 74/99/190 | avg time: 80.69 s | avg iter: 192.57
06-16 06:50 root         INFO     Expansion fails on O=S(Cl)Cl!
06-16 06:50 root         INFO     Synthesis route found!
06-16 06:50 root         INFO     Final search status | success value | iter: 7.900917562561201 | 13.94366929614324 | 165
06-16 06:50 root         INFO     Succ: 75/100/190 | avg time: 80.38 s | avg iter: 192.29
06-16 06:51 root         INFO     Expansion fails on C=NN=O!
06-16 06:51 root         INFO     Synthesis route found!
06-16 06:51 root         INFO     Final search status | success value | iter: 6.139243625097045 | 10.057556349174346 | 208
06-16 06:51 root         INFO     Succ: 76/101/190 | avg time: 80.31 s | avg iter: 192.45
06-16 06:55 root         INFO     Final search status | success value | iter: 6.4497536230729615 | inf | 400
06-16 06:55 root         INFO     Succ: 76/102/190 | avg time: 81.76 s | avg iter: 194.48
06-16 06:55 root         INFO     Expansion fails on O=S(Cl)Cl!
06-16 06:56 root         INFO     Expansion fails on O=S(Cl)Cl!
06-16 06:57 root         INFO     Expansion fails on O=S(Cl)Cl!
06-16 06:57 root         INFO     Expansion fails on O=S(Cl)Cl!
06-16 06:58 root         INFO     Final search status | success value | iter: 6.907755278982137 | inf | 400
06-16 06:58 root         INFO     Succ: 76/103/190 | avg time: 82.75 s | avg iter: 196.48
06-16 06:59 root         INFO     Synthesis route found!
06-16 06:59 root         INFO     Final search status | success value | iter: 5.057067150044886 | 5.325624232427774 | 101
06-16 06:59 root         INFO     Succ: 77/104/190 | avg time: 82.37 s | avg iter: 195.56
06-16 06:59 root         INFO     Expansion fails on O=S(Cl)Cl!
06-16 07:00 root         INFO     Synthesis route found!
06-16 07:00 root         INFO     Final search status | success value | iter: 7.901756908956825 | 13.944508642538864 | 194
06-16 07:00 root         INFO     Succ: 78/105/190 | avg time: 82.15 s | avg iter: 195.54
06-16 07:00 root         INFO     Expansion fails on O=S(Cl)Cl!
06-16 07:00 root         INFO     Expansion fails on O=S(Cl)Cl!
06-16 07:00 root         INFO     Expansion fails on O=S(Cl)Cl!
06-16 07:00 root         INFO     Expansion fails on O=P(Cl)(Cl)Cl!
06-16 07:00 root         INFO     Expansion fails on O=P(Cl)(Cl)Cl!
06-16 07:00 root         INFO     Expansion fails on O=P(Cl)(Cl)Cl!
06-16 07:00 root         INFO     Expansion fails on O=P(Cl)(Cl)Cl!
06-16 07:00 root         INFO     Expansion fails on O=P(Cl)(Cl)Cl!
06-16 07:00 root         INFO     Expansion fails on O=S(Cl)Cl!
06-16 07:00 root         INFO     Expansion fails on O=P(Cl)(Cl)Cl!
06-16 07:00 root         INFO     Synthesis route found!
06-16 07:00 root         INFO     Final search status | success value | iter: 5.200934729171502 | 9.602766970025613 | 98
06-16 07:00 root         INFO     Succ: 79/106/190 | avg time: 81.68 s | avg iter: 194.62
06-16 07:01 root         INFO     Synthesis route found!
06-16 07:01 root         INFO     Final search status | success value | iter: 3.745819779527251 | 6.729678313817056 | 27
06-16 07:01 root         INFO     Succ: 80/107/190 | avg time: 81.04 s | avg iter: 193.06
06-16 07:01 root         INFO     Synthesis route found!
06-16 07:01 root         INFO     Final search status | success value | iter: 0.7741539856218013 | 0.7762461251766773 | 7
06-16 07:01 root         INFO     Succ: 81/108/190 | avg time: 80.31 s | avg iter: 191.33
06-16 07:01 root         INFO     Synthesis route found!
06-16 07:01 root         INFO     Final search status | success value | iter: 4.900969420237901 | 4.9207164470641045 | 107
06-16 07:01 root         INFO     Succ: 82/109/190 | avg time: 79.91 s | avg iter: 190.56
06-16 07:02 root         INFO     Synthesis route found!
06-16 07:02 root         INFO     Final search status | success value | iter: 5.649729438191801 | 5.880624687378319 | 61
06-16 07:02 root         INFO     Succ: 83/110/190 | avg time: 79.38 s | avg iter: 189.38
06-16 07:02 root         INFO     Expansion fails on O=S(Cl)Cl!
06-16 07:02 root         INFO     Synthesis route found!
06-16 07:02 root         INFO     Final search status | success value | iter: 7.3286685166679755 | 7.338513827955058 | 138
06-16 07:02 root         INFO     Succ: 84/111/190 | avg time: 79.03 s | avg iter: 188.92
06-16 07:02 root         INFO     Synthesis route found!
06-16 07:02 root         INFO     Final search status | success value | iter: 0.8787658645578373 | 1.4388384662845504 | 5
06-16 07:02 root         INFO     Succ: 85/112/190 | avg time: 78.35 s | avg iter: 187.28
06-16 07:03 root         INFO     Expansion fails on O=S(Cl)Cl!
06-16 07:03 root         INFO     Expansion fails on O=S(Cl)Cl!
06-16 07:04 root         INFO     Synthesis route found!
06-16 07:04 root         INFO     Final search status | success value | iter: 6.411197356123697 | 7.0999143043047255 | 211
06-16 07:04 root         INFO     Succ: 86/113/190 | avg time: 78.34 s | avg iter: 187.49
06-16 07:04 root         INFO     Synthesis route found!
06-16 07:04 root         INFO     Final search status | success value | iter: 0.3116651278508961 | 0.31174827629440227 | 7
06-16 07:04 root         INFO     Succ: 87/114/190 | avg time: 77.67 s | avg iter: 185.90
06-16 07:04 root         INFO     Expansion fails on O=C(OI(OC(=O)C(F)(F)F)c1ccc(F)cc1F)C(F)(F)F!
06-16 07:05 root         INFO     Expansion fails on O=C(OI(OC(=O)C(F)(F)F)c1ccc(F)cc1F)C(F)(F)F!
06-16 07:06 root         INFO     Final search status | success value | iter: 8.425364818080855 | inf | 400
06-16 07:06 root         INFO     Succ: 87/115/190 | avg time: 78.02 s | avg iter: 187.77
06-16 07:06 root         INFO     Expansion fails on O=S(Cl)Cl!
06-16 07:07 root         INFO     Expansion fails on O=S(Cl)Cl!
06-16 07:07 root         INFO     Expansion fails on O=S(Cl)Cl!
06-16 07:07 root         INFO     Expansion fails on O=S(Cl)Cl!
06-16 07:08 root         INFO     Expansion fails on O=S(Cl)Cl!
06-16 07:08 root         INFO     Final search status | success value | iter: 7.0242767097722965 | inf | 400
06-16 07:08 root         INFO     Succ: 87/116/190 | avg time: 78.51 s | avg iter: 189.59
06-16 07:08 root         INFO     Expansion fails on O=S(Cl)Cl!
06-16 07:08 root         INFO     Expansion fails on Cn1oc(=O)nc1SSc1nc(=O)on1C!
06-16 07:08 root         INFO     Expansion fails on Cn1oc(=O)nc1S(=O)[O-]!
06-16 07:08 root         INFO     Expansion fails on O=P(Cl)(Cl)Cl!
06-16 07:08 root         INFO     Expansion fails on Cn1oc(=O)nc1SC(=O)Cl!
06-16 07:08 root         INFO     Expansion fails on O=S(Cl)Cl!
06-16 07:08 root         INFO     Expansion fails on Cn1oc(=O)nc1SC#N!
06-16 07:08 root         INFO     Expansion fails on O=S(Cl)Cl!
06-16 07:08 root         INFO     Expansion fails on O=S(Cl)Cl!
06-16 07:08 root         INFO     Expansion fails on O=S(Cl)Cl!
06-16 07:08 root         INFO     Expansion fails on O=S(Cl)Cl!
06-16 07:08 root         INFO     Expansion fails on O=S(Cl)Cl!
06-16 07:09 root         INFO     Expansion fails on O=S(Cl)Cl!
06-16 07:09 root         INFO     Expansion fails on O=S(Cl)Cl!
06-16 07:09 root         INFO     Synthesis route found!
06-16 07:09 root         INFO     Final search status | success value | iter: 6.909755675478079 | 6.967931817985885 | 195
06-16 07:09 root         INFO     Succ: 88/117/190 | avg time: 78.28 s | avg iter: 189.64
06-16 07:09 root         INFO     Synthesis route found!
06-16 07:09 root         INFO     Final search status | success value | iter: 3.3351932028833735 | 7.2541701591357555 | 17
06-16 07:09 root         INFO     Succ: 89/118/190 | avg time: 77.70 s | avg iter: 188.18
06-16 07:13 root         INFO     Final search status | success value | iter: 6.314176509188246 | inf | 400
06-16 07:13 root         INFO     Succ: 89/119/190 | avg time: 79.07 s | avg iter: 189.96
06-16 07:14 root         INFO     Synthesis route found!
06-16 07:14 root         INFO     Final search status | success value | iter: 8.175801216024693 | 8.275143879381975 | 206
06-16 07:14 root         INFO     Succ: 90/120/190 | avg time: 79.13 s | avg iter: 190.09
06-16 07:14 root         INFO     Synthesis route found!
06-16 07:14 root         INFO     Final search status | success value | iter: 0.758937297538694 | 7.6666925765208305 | 7
06-16 07:14 root         INFO     Succ: 91/121/190 | avg time: 78.49 s | avg iter: 188.58
06-16 07:15 root         INFO     Synthesis route found!
06-16 07:15 root         INFO     Final search status | success value | iter: 5.690026535765687 | 6.992400402789305 | 48
06-16 07:15 root         INFO     Succ: 92/122/190 | avg time: 77.97 s | avg iter: 187.43
06-16 07:15 root         INFO     Expansion fails on O=S(Cl)Cl!
06-16 07:15 root         INFO     Expansion fails on O=S(Cl)Cl!
06-16 07:15 root         INFO     Synthesis route found!
06-16 07:15 root         INFO     Final search status | success value | iter: 6.907771158258234 | 13.81552643724037 | 105
06-16 07:15 root         INFO     Succ: 93/123/190 | avg time: 77.68 s | avg iter: 186.76
06-16 07:19 root         INFO     Final search status | success value | iter: 6.20924699471381 | inf | 400
06-16 07:19 root         INFO     Succ: 93/124/190 | avg time: 79.01 s | avg iter: 188.48
06-16 07:20 root         INFO     Synthesis route found!
06-16 07:20 root         INFO     Final search status | success value | iter: 5.73415494751344 | 12.641910226495575 | 191
06-16 07:20 root         INFO     Succ: 94/125/190 | avg time: 78.81 s | avg iter: 188.50
06-16 07:21 root         INFO     Expansion fails on O=S(Cl)Cl!
06-16 07:21 root         INFO     Expansion fails on O=S(Cl)Cl!
06-16 07:21 root         INFO     Expansion fails on O=S(Cl)Cl!
06-16 07:21 root         INFO     Expansion fails on O=S(Cl)Cl!
06-16 07:22 root         INFO     Expansion fails on O=O!
06-16 07:22 root         INFO     Expansion fails on O=S(Cl)Cl!
06-16 07:23 root         INFO     Final search status | success value | iter: 7.164741617184711 | inf | 400
06-16 07:23 root         INFO     Succ: 94/126/190 | avg time: 79.23 s | avg iter: 190.17
06-16 07:26 root         INFO     Final search status | success value | iter: 6.639207771419853 | inf | 400
06-16 07:26 root         INFO     Succ: 94/127/190 | avg time: 80.48 s | avg iter: 191.83
06-16 07:27 root         INFO     Expansion fails on O=P(Cl)(Cl)Cl!
06-16 07:27 root         INFO     Expansion fails on O=S(Cl)Cl!
06-16 07:27 root         INFO     Synthesis route found!
06-16 07:27 root         INFO     Final search status | success value | iter: 3.809322019464006 | 3.8093265264867524 | 17
06-16 07:27 root         INFO     Succ: 95/128/190 | avg time: 79.90 s | avg iter: 190.46
06-16 07:27 root         INFO     Synthesis route found!
06-16 07:27 root         INFO     Final search status | success value | iter: 1.216594918007412 | 1.2186870575622881 | 7
06-16 07:27 root         INFO     Succ: 96/129/190 | avg time: 79.30 s | avg iter: 189.04
06-16 07:27 root         INFO     Synthesis route found!
06-16 07:27 root         INFO     Final search status | success value | iter: 6.907755278982137 | 6.907955772128477 | 123
06-16 07:27 root         INFO     Succ: 97/130/190 | avg time: 79.01 s | avg iter: 188.53
06-16 07:30 root         INFO     Synthesis route found!
06-16 07:30 root         INFO     Final search status | success value | iter: 7.287983843165914 | 7.2880240613320355 | 382
06-16 07:30 root         INFO     Succ: 98/131/190 | avg time: 79.55 s | avg iter: 190.01
06-16 07:30 root         INFO     Expansion fails on [O-][I+2]([O-])O[I+2]([O-])[O-]!
06-16 07:31 root         INFO     Expansion fails on [O-][I+2]([O-])O[I+2]([O-])[O-]!
06-16 07:32 root         INFO     Final search status | success value | iter: 6.9450166769046895 | inf | 400
06-16 07:32 root         INFO     Succ: 98/132/190 | avg time: 79.97 s | avg iter: 191.60
06-16 07:32 root         INFO     Expansion fails on O=S(Cl)Cl!
06-16 07:32 root         INFO     Expansion fails on O=S(Cl)Cl!
06-16 07:33 root         INFO     Expansion fails on O=S(Cl)Cl!
06-16 07:33 root         INFO     Expansion fails on O=S(Cl)Cl!
06-16 07:33 root         INFO     Synthesis route found!
06-16 07:33 root         INFO     Final search status | success value | iter: 5.451413519641381 | 5.460923299786915 | 117
06-16 07:33 root         INFO     Succ: 99/133/190 | avg time: 79.67 s | avg iter: 191.04
06-16 07:33 root         INFO     Synthesis route found!
06-16 07:33 root         INFO     Final search status | success value | iter: 0.14948827140785456 | 0.1495010086398438 | 8
06-16 07:33 root         INFO     Succ: 100/134/190 | avg time: 79.11 s | avg iter: 189.67
06-16 07:35 root         INFO     Expansion fails on C[Mg]Cl!
06-16 07:35 root         INFO     Final search status | success value | iter: 8.48170078352949 | inf | 400
06-16 07:35 root         INFO     Succ: 100/135/190 | avg time: 79.55 s | avg iter: 191.23
06-16 07:35 root         INFO     Synthesis route found!
06-16 07:35 root         INFO     Final search status | success value | iter: 7.00066834225609 | 7.000679246202843 | 50
06-16 07:35 root         INFO     Succ: 101/136/190 | avg time: 79.09 s | avg iter: 190.19
06-16 07:38 root         INFO     Synthesis route found!
06-16 07:38 root         INFO     Final search status | success value | iter: 6.329934696920063 | 8.979314482857404 | 234
06-16 07:38 root         INFO     Succ: 102/137/190 | avg time: 79.84 s | avg iter: 190.51
06-16 07:39 root         INFO     Expansion fails on O=S(Cl)Cl!
06-16 07:39 root         INFO     Expansion fails on O=S(Cl)Cl!
06-16 07:39 root         INFO     Expansion fails on O=S(Cl)Cl!
06-16 07:39 root         INFO     Expansion fails on O=S(Cl)Cl!
06-16 07:39 root         INFO     Expansion fails on O=S(Cl)Cl!
06-16 07:39 root         INFO     Expansion fails on O=S(Cl)Cl!
06-16 07:39 root         INFO     Expansion fails on O=S(Cl)Cl!
06-16 07:39 root         INFO     Expansion fails on O=S(Cl)Cl!
06-16 07:39 root         INFO     Synthesis route found!
06-16 07:39 root         INFO     Final search status | success value | iter: 5.12127748010301 | 9.694321744215403 | 95
06-16 07:39 root         INFO     Succ: 103/138/190 | avg time: 79.51 s | avg iter: 189.82
06-16 07:39 root         INFO     Synthesis route found!
06-16 07:39 root         INFO     Final search status | success value | iter: 1.6893219154119297 | 4.181405711581717 | 2
06-16 07:39 root         INFO     Succ: 104/139/190 | avg time: 78.95 s | avg iter: 188.47
06-16 07:43 root         INFO     Final search status | success value | iter: 6.580886321298305 | inf | 400
06-16 07:43 root         INFO     Succ: 104/140/190 | avg time: 80.10 s | avg iter: 189.98
06-16 07:45 root         INFO     Final search status | success value | iter: 7.752162605799635 | inf | 400
06-16 07:45 root         INFO     Succ: 104/141/190 | avg time: 80.38 s | avg iter: 191.47
06-16 07:47 root         INFO     Final search status | success value | iter: 6.872054925391998 | inf | 400
06-16 07:47 root         INFO     Succ: 104/142/190 | avg time: 80.57 s | avg iter: 192.94
06-16 07:47 root         INFO     Synthesis route found!
06-16 07:47 root         INFO     Final search status | success value | iter: 0.05458945551871352 | 0.05543146586349089 | 3
06-16 07:47 root         INFO     Succ: 105/143/190 | avg time: 80.01 s | avg iter: 191.61
06-16 07:48 root         INFO     Synthesis route found!
06-16 07:48 root         INFO     Final search status | success value | iter: 6.907755278982137 | 10.674192498722125 | 244
06-16 07:48 root         INFO     Succ: 106/144/190 | avg time: 80.11 s | avg iter: 191.97
06-16 07:48 root         INFO     Synthesis route found!
06-16 07:48 root         INFO     Final search status | success value | iter: 0.006772983084597365 | 0.12211687132066922 | 4
06-16 07:48 root         INFO     Succ: 107/145/190 | avg time: 79.57 s | avg iter: 190.68
06-16 07:48 root         INFO     Synthesis route found!
06-16 07:48 root         INFO     Final search status | success value | iter: 0.5279430767639864 | 0.5279433132766196 | 8
06-16 07:48 root         INFO     Succ: 108/146/190 | avg time: 79.03 s | avg iter: 189.42
06-16 07:49 root         INFO     Synthesis route found!
06-16 07:49 root         INFO     Final search status | success value | iter: 0.14907909811088474 | 0.14909183534287399 | 6
06-16 07:49 root         INFO     Succ: 109/147/190 | avg time: 78.52 s | avg iter: 188.18
06-16 07:51 root         INFO     Synthesis route found!
06-16 07:51 root         INFO     Final search status | success value | iter: 8.108100232072559 | 8.855557152154894 | 354
06-16 07:51 root         INFO     Succ: 110/148/190 | avg time: 78.84 s | avg iter: 189.30
06-16 07:51 root         INFO     Synthesis route found!
06-16 07:51 root         INFO     Final search status | success value | iter: 0.0003562628078060406 | 0.002448402362682142 | 5
06-16 07:51 root         INFO     Succ: 111/149/190 | avg time: 78.32 s | avg iter: 188.06
06-16 07:55 root         INFO     Final search status | success value | iter: 6.267324213251089 | inf | 400
06-16 07:55 root         INFO     Succ: 111/150/190 | avg time: 79.36 s | avg iter: 189.47
06-16 07:58 root         INFO     Final search status | success value | iter: 6.32148649963376 | inf | 400
06-16 07:58 root         INFO     Succ: 111/151/190 | avg time: 80.38 s | avg iter: 190.87
06-16 07:58 root         INFO     Synthesis route found!
06-16 07:58 root         INFO     Final search status | success value | iter: 0.15116351199993838 | 0.15117624923192766 | 8
06-16 07:58 root         INFO     Succ: 112/152/190 | avg time: 79.87 s | avg iter: 189.66
06-16 08:02 root         INFO     Final search status | success value | iter: 6.2485381088314425 | inf | 400
06-16 08:02 root         INFO     Succ: 112/153/190 | avg time: 80.90 s | avg iter: 191.04
06-16 08:02 root         INFO     Synthesis route found!
06-16 08:02 root         INFO     Final search status | success value | iter: 1.8608567984381583 | 1.8609723615393372 | 4
06-16 08:02 root         INFO     Succ: 113/154/190 | avg time: 80.38 s | avg iter: 189.82
06-16 08:03 root         INFO     Synthesis route found!
06-16 08:03 root         INFO     Final search status | success value | iter: 4.900903545830971 | 4.920650572657174 | 105
06-16 08:03 root         INFO     Succ: 114/155/190 | avg time: 80.08 s | avg iter: 189.28
06-16 08:03 root         INFO     Synthesis route found!
06-16 08:03 root         INFO     Final search status | success value | iter: 0.5652798320001223 | 0.9929881061261816 | 6
06-16 08:03 root         INFO     Succ: 115/156/190 | avg time: 79.58 s | avg iter: 188.10
06-16 08:05 root         INFO     Expansion fails on O=S(Cl)Cl!
06-16 08:05 root         INFO     Final search status | success value | iter: 6.735353882930653 | inf | 400
06-16 08:05 root         INFO     Succ: 115/157/190 | avg time: 79.84 s | avg iter: 189.45
06-16 08:08 root         INFO     Synthesis route found!
06-16 08:08 root         INFO     Final search status | success value | iter: 6.262928373060563 | 6.267946242630365 | 301
06-16 08:08 root         INFO     Succ: 116/158/190 | avg time: 80.36 s | avg iter: 190.16
06-16 08:09 root         INFO     Expansion fails on O=O!
06-16 08:09 root         INFO     Expansion fails on O=S(=O)(Cl)Cl!
06-16 08:09 root         INFO     Synthesis route found!
06-16 08:09 root         INFO     Final search status | success value | iter: 8.43516175947882 | 9.182618679561157 | 274
06-16 08:09 root         INFO     Succ: 117/159/190 | avg time: 80.50 s | avg iter: 190.69
06-16 08:10 root         INFO     Expansion fails on O=S(Cl)Cl!
06-16 08:11 root         INFO     Expansion fails on O=S(Cl)Cl!
06-16 08:11 root         INFO     Expansion fails on O=S(Cl)Cl!
06-16 08:11 root         INFO     Expansion fails on O=S(Cl)Cl!
06-16 08:11 root         INFO     Expansion fails on O=S(Cl)Cl!
06-16 08:12 root         INFO     Final search status | success value | iter: 7.075882850301309 | inf | 400
06-16 08:12 root         INFO     Succ: 117/160/190 | avg time: 80.83 s | avg iter: 191.99
06-16 08:16 root         INFO     Final search status | success value | iter: 6.381684042111574 | inf | 400
06-16 08:16 root         INFO     Succ: 117/161/190 | avg time: 81.82 s | avg iter: 193.29
06-16 08:16 root         INFO     Synthesis route found!
06-16 08:16 root         INFO     Final search status | success value | iter: 1.5001779471070655 | 7.593806634835709 | 9
06-16 08:16 root         INFO     Succ: 118/162/190 | avg time: 81.33 s | avg iter: 192.15
06-16 08:24 root         INFO     Final search status | success value | iter: 5.9495352444638305 | inf | 400
06-16 08:24 root         INFO     Succ: 118/163/190 | avg time: 83.72 s | avg iter: 193.42
06-16 08:25 root         INFO     Synthesis route found!
06-16 08:25 root         INFO     Final search status | success value | iter: 6.910208965861056 | 7.044002305986072 | 144
06-16 08:25 root         INFO     Succ: 119/164/190 | avg time: 83.56 s | avg iter: 193.12
06-16 08:26 root         INFO     Final search status | success value | iter: 6.882134071590629 | inf | 400
06-16 08:26 root         INFO     Succ: 119/165/190 | avg time: 83.69 s | avg iter: 194.38
06-16 08:28 root         INFO     Synthesis route found!
06-16 08:28 root         INFO     Final search status | success value | iter: 6.907755278982137 | 6.924602152073486 | 212
06-16 08:28 root         INFO     Succ: 120/166/190 | avg time: 83.65 s | avg iter: 194.48
06-16 08:28 root         INFO     Synthesis route found!
06-16 08:28 root         INFO     Final search status | success value | iter: 5.778982968302193 | 5.779086882836974 | 122
06-16 08:28 root         INFO     Succ: 121/167/190 | avg time: 83.40 s | avg iter: 194.05
06-16 08:28 root         INFO     Synthesis route found!
06-16 08:28 root         INFO     Final search status | success value | iter: 0.6639066179077988 | 2.767675624325418 | 4
06-16 08:28 root         INFO     Succ: 122/168/190 | avg time: 82.91 s | avg iter: 192.92
06-16 08:28 root         INFO     Synthesis route found!
06-16 08:28 root         INFO     Final search status | success value | iter: 0.01437603135703217 | 0.40803303597633195 | 2
06-16 08:28 root         INFO     Succ: 123/169/190 | avg time: 82.43 s | avg iter: 191.79
06-16 08:29 root         INFO     Synthesis route found!
06-16 08:29 root         INFO     Final search status | success value | iter: 6.907755278982137 | 6.919384684439255 | 158
06-16 08:29 root         INFO     Succ: 124/170/190 | avg time: 82.23 s | avg iter: 191.59
06-16 08:29 root         INFO     Synthesis route found!
06-16 08:29 root         INFO     Final search status | success value | iter: 0.03505708144621266 | 0.03714922100108876 | 6
06-16 08:29 root         INFO     Succ: 125/171/190 | avg time: 81.76 s | avg iter: 190.50
06-16 08:30 root         INFO     Synthesis route found!
06-16 08:30 root         INFO     Final search status | success value | iter: 6.831176853134502 | 13.738932132116638 | 124
06-16 08:30 root         INFO     Succ: 126/172/190 | avg time: 81.62 s | avg iter: 190.12
06-16 08:31 root         INFO     Expansion fails on O=S(Cl)Cl!
06-16 08:31 root         INFO     Expansion fails on O=S(Cl)Cl!
06-16 08:32 root         INFO     Expansion fails on O=S(Cl)Cl!
06-16 08:32 root         INFO     Expansion fails on O=S(Cl)Cl!
06-16 08:33 root         INFO     Expansion fails on O=S(Cl)Cl!
06-16 08:33 root         INFO     Final search status | success value | iter: 7.482272656703529 | inf | 400
06-16 08:33 root         INFO     Succ: 126/173/190 | avg time: 82.10 s | avg iter: 191.33
06-16 08:34 root         INFO     Expansion fails on [O-][I+2]([O-])O[I+2]([O-])[O-]!
06-16 08:35 root         INFO     Expansion fails on [O-][I+2]([O-])O[I+2]([O-])[O-]!
06-16 08:35 root         INFO     Final search status | success value | iter: 6.928218121589904 | inf | 400
06-16 08:35 root         INFO     Succ: 126/174/190 | avg time: 82.42 s | avg iter: 192.53
06-16 08:39 root         INFO     Final search status | success value | iter: 6.5292277304672 | inf | 400
06-16 08:39 root         INFO     Succ: 126/175/190 | avg time: 83.20 s | avg iter: 193.71
06-16 08:39 root         INFO     Expansion fails on O=S(Cl)Cl!
06-16 08:39 root         INFO     Expansion fails on O=S(Cl)Cl!
06-16 08:39 root         INFO     Expansion fails on O=S(Cl)Cl!
06-16 08:39 root         INFO     Synthesis route found!
06-16 08:39 root         INFO     Final search status | success value | iter: 7.595210392132531 | 14.502965671114668 | 83
06-16 08:39 root         INFO     Succ: 127/176/190 | avg time: 82.86 s | avg iter: 193.09
06-16 08:40 root         INFO     Synthesis route found!
06-16 08:40 root         INFO     Final search status | success value | iter: 6.29440694263169 | 13.202162221613829 | 151
06-16 08:40 root         INFO     Succ: 128/177/190 | avg time: 82.66 s | avg iter: 192.85
06-16 08:41 root         INFO     Expansion fails on O=S(Cl)Cl!
06-16 08:43 root         INFO     Final search status | success value | iter: 6.7150448403242615 | inf | 400
06-16 08:43 root         INFO     Succ: 128/178/190 | avg time: 83.13 s | avg iter: 194.01
06-16 08:46 root         INFO     Synthesis route found!
06-16 08:46 root         INFO     Final search status | success value | iter: 6.685382884397039 | 12.76826468441855 | 293
06-16 08:46 root         INFO     Succ: 129/179/190 | avg time: 83.72 s | avg iter: 194.56
06-16 08:48 root         INFO     Expansion fails on O=P(Cl)(Cl)Cl!
06-16 08:48 root         INFO     Final search status | success value | iter: 9.71221168179997 | inf | 400
06-16 08:48 root         INFO     Succ: 129/180/190 | avg time: 84.04 s | avg iter: 195.71
06-16 08:48 root         INFO     Synthesis route found!
06-16 08:48 root         INFO     Final search status | success value | iter: 0.015260363621936848 | 0.16353904608851533 | 4
06-16 08:48 root         INFO     Succ: 130/181/190 | avg time: 83.58 s | avg iter: 194.65
06-16 08:48 root         INFO     Synthesis route found!
06-16 08:48 root         INFO     Final search status | success value | iter: 6.361801742215967 | 9.380355516593427 | 21
06-16 08:48 root         INFO     Succ: 131/182/190 | avg time: 83.17 s | avg iter: 193.69
06-16 08:48 root         INFO     Synthesis route found!
06-16 08:48 root         INFO     Final search status | success value | iter: 1.9456036506955554 | 1.9456391219444162 | 12
06-16 08:48 root         INFO     Succ: 132/183/190 | avg time: 82.72 s | avg iter: 192.70
06-16 08:49 root         INFO     Synthesis route found!
06-16 08:49 root         INFO     Final search status | success value | iter: 3.5318604065191015 | 5.271613119137793 | 21
06-16 08:49 root         INFO     Succ: 133/184/190 | avg time: 82.32 s | avg iter: 191.77
06-16 08:49 root         INFO     Expansion fails on O=S(Cl)Cl!
06-16 08:51 root         INFO     Final search status | success value | iter: 6.995804546864869 | inf | 400
06-16 08:51 root         INFO     Succ: 133/185/190 | avg time: 82.58 s | avg iter: 192.89
06-16 08:51 root         INFO     Synthesis route found!
06-16 08:51 root         INFO     Final search status | success value | iter: 0.006028419452233244 | 0.00623468446402021 | 4
06-16 08:51 root         INFO     Succ: 134/186/190 | avg time: 82.14 s | avg iter: 191.88
06-16 08:53 root         INFO     Synthesis route found!
06-16 08:53 root         INFO     Final search status | success value | iter: 7.257207978856224 | 7.257248197022346 | 348
06-16 08:53 root         INFO     Succ: 135/187/190 | avg time: 82.42 s | avg iter: 192.71
06-16 08:53 root         INFO     Synthesis route found!
06-16 08:53 root         INFO     Final search status | success value | iter: 0.15159137976949125 | 0.1516041170014805 | 8
06-16 08:53 root         INFO     Succ: 136/188/190 | avg time: 81.99 s | avg iter: 191.73
06-16 08:57 root         INFO     Synthesis route found!
06-16 08:57 root         INFO     Final search status | success value | iter: 6.459773840201559 | 6.464791709771361 | 389
06-16 08:57 root         INFO     Succ: 137/189/190 | avg time: 82.69 s | avg iter: 192.77
06-16 08:57 root         INFO     Expansion fails on O=S(Cl)Cl!
06-16 08:57 root         INFO     Expansion fails on O=S(Cl)Cl!
06-16 08:57 root         INFO     Expansion fails on O=S(Cl)Cl!
06-16 08:58 root         INFO     Expansion fails on O=S(Cl)Cl!
06-16 08:58 root         INFO     Expansion fails on O=S(Cl)Cl!
06-16 08:58 root         INFO     Expansion fails on O=S(Cl)Cl!
06-16 08:59 root         INFO     Expansion fails on O=S(Cl)Cl!
06-16 08:59 root         INFO     Expansion fails on O=S(Cl)Cl!
06-16 08:59 root         INFO     Expansion fails on O=S(Cl)Cl!
06-16 08:59 root         INFO     Expansion fails on O=S(Cl)Cl!
06-16 08:59 root         INFO     Expansion fails on O=S(Cl)Cl!
06-16 08:59 root         INFO     Expansion fails on O=S(Cl)Cl!
06-16 08:59 root         INFO     Expansion fails on O=S(Cl)Cl!
06-16 08:59 root         INFO     Expansion fails on O=S(Cl)Cl!
06-16 09:00 root         INFO     Synthesis route found!
06-16 09:00 root         INFO     Final search status | success value | iter: 6.659097130479328 | 11.70315816389827 | 348
06-16 09:00 root         INFO     Succ: 138/190/190 | avg time: 83.20 s | avg iter: 193.59
