06-15 19:13 root         INFO     Loading starting molecules from dataset1/starting_mols.pkl
06-15 19:14 root         INFO     23081629 starting molecules loaded
06-15 19:14 root         INFO     190 routes extracted from dataset1/test_mols.pkl loaded
06-15 19:14 root         INFO     Templates: one_step_model/template_rules_1.dat
06-15 19:14 root         INFO     Loading trained mlp model from one_step_model/saved_rollout_state_1_2048.ckpt
06-15 19:14 root         INFO     Initializing value model: latent_dim=128
06-15 19:14 root         INFO     Loading value nn from saved_models/best_epoch_final_4.pt
06-15 19:15 root         INFO     Final search status | success value | iter: 7.851213273073222 | inf | 300
06-15 19:15 root         INFO     Succ: 0/1/190 | avg time: 110.03 s | avg iter: 300.00
06-15 19:16 root         INFO     Synthesis route found!
06-15 19:16 root         INFO     Final search status | success value | iter: 10.045176472499692 | 10.716545237536312 | 159
06-15 19:16 root         INFO     Succ: 1/2/190 | avg time: 80.33 s | avg iter: 229.50
06-15 19:16 root         INFO     Expansion fails on Cl[Sb](Cl)(Cl)(Cl)Cl!
06-15 19:17 root         INFO     Synthesis route found!
06-15 19:17 root         INFO     Final search status | success value | iter: 5.9449874620552325 | 12.447832742858887 | 41
06-15 19:17 root         INFO     Succ: 2/3/190 | avg time: 59.17 s | avg iter: 166.67
06-15 19:17 root         INFO     Synthesis route found!
06-15 19:17 root         INFO     Final search status | success value | iter: 7.009888816045496 | 6.905857713270371 | 7
06-15 19:17 root         INFO     Succ: 3/4/190 | avg time: 45.36 s | avg iter: 126.75
06-15 19:19 root         INFO     Final search status | success value | iter: 12.917360746248537 | inf | 300
06-15 19:19 root         INFO     Succ: 3/5/190 | avg time: 63.56 s | avg iter: 161.40
06-15 19:19 root         INFO     Synthesis route found!
06-15 19:19 root         INFO     Final search status | success value | iter: 6.489203362948437 | 11.454009037961848 | 44
06-15 19:19 root         INFO     Succ: 4/6/190 | avg time: 56.26 s | avg iter: 141.83
06-15 19:23 root         INFO     Final search status | success value | iter: 10.049132631799047 | inf | 300
06-15 19:23 root         INFO     Succ: 4/7/190 | avg time: 77.84 s | avg iter: 164.43
06-15 19:25 root         INFO     Final search status | success value | iter: 9.224301634826299 | inf | 300
06-15 19:25 root         INFO     Succ: 4/8/190 | avg time: 85.13 s | avg iter: 181.38
06-15 19:25 root         INFO     Synthesis route found!
06-15 19:25 root         INFO     Final search status | success value | iter: 8.057599873316054 | 10.430610172342767 | 45
06-15 19:25 root         INFO     Succ: 5/9/190 | avg time: 77.28 s | avg iter: 166.22
06-15 19:26 root         INFO     Synthesis route found!
06-15 19:26 root         INFO     Final search status | success value | iter: 6.899721256062264 | 9.841124581106973 | 132
06-15 19:26 root         INFO     Succ: 6/10/190 | avg time: 74.41 s | avg iter: 162.80
06-15 19:26 root         INFO     Synthesis route found!
06-15 19:26 root         INFO     Final search status | success value | iter: 5.212180069991002 | 4.920680105659674 | 10
06-15 19:26 root         INFO     Succ: 7/11/190 | avg time: 68.09 s | avg iter: 148.91
06-15 19:26 root         INFO     Synthesis route found!
06-15 19:26 root         INFO     Final search status | success value | iter: 4.028336537530873 | 3.807626400956016 | 13
06-15 19:26 root         INFO     Succ: 8/12/190 | avg time: 62.69 s | avg iter: 137.58
06-15 19:26 root         INFO     Synthesis route found!
06-15 19:26 root         INFO     Final search status | success value | iter: 1.1763876373016486 | 0.758151927744966 | 4
06-15 19:26 root         INFO     Succ: 9/13/190 | avg time: 58.14 s | avg iter: 127.31
06-15 19:29 root         INFO     Final search status | success value | iter: 12.251438229850827 | inf | 300
06-15 19:29 root         INFO     Succ: 9/14/190 | avg time: 64.12 s | avg iter: 139.64
06-15 19:29 root         INFO     Synthesis route found!
06-15 19:29 root         INFO     Final search status | success value | iter: 7.961652182973836 | 8.00936443671011 | 90
06-15 19:29 root         INFO     Succ: 10/15/190 | avg time: 61.96 s | avg iter: 136.33
06-15 19:29 root         INFO     Synthesis route found!
06-15 19:29 root         INFO     Final search status | success value | iter: 1.5482139495336837 | 0.47486914061831403 | 4
06-15 19:29 root         INFO     Succ: 11/16/190 | avg time: 58.16 s | avg iter: 128.06
06-15 19:29 root         INFO     Synthesis route found!
06-15 19:29 root         INFO     Final search status | success value | iter: 6.190957856566577 | 9.132361181611286 | 50
06-15 19:29 root         INFO     Succ: 12/17/190 | avg time: 55.80 s | avg iter: 123.47
06-15 19:29 root         INFO     Expansion fails on CC1=CC=CC(C)(C(F)(F)F)C1!
06-15 19:29 root         INFO     Synthesis route found!
06-15 19:29 root         INFO     Final search status | success value | iter: 2.5836474389722843 | 0.7421949739273888 | 8
06-15 19:29 root         INFO     Succ: 13/18/190 | avg time: 52.79 s | avg iter: 117.06
06-15 19:30 root         INFO     Synthesis route found!
06-15 19:30 root         INFO     Final search status | success value | iter: 7.366950166543197 | 12.967564022299932 | 41
06-15 19:30 root         INFO     Succ: 14/19/190 | avg time: 50.83 s | avg iter: 113.05
06-15 19:32 root         INFO     Final search status | success value | iter: 7.793814498410231 | inf | 300
06-15 19:32 root         INFO     Succ: 14/20/190 | avg time: 54.84 s | avg iter: 122.40
06-15 19:32 root         INFO     Synthesis route found!
06-15 19:32 root         INFO     Final search status | success value | iter: 5.226162700847156 | 5.197899791611857 | 8
06-15 19:32 root         INFO     Succ: 15/21/190 | avg time: 52.34 s | avg iter: 116.95
06-15 19:35 root         INFO     Synthesis route found!
06-15 19:35 root         INFO     Final search status | success value | iter: 10.604987548092957 | 10.130766960133798 | 261
06-15 19:35 root         INFO     Succ: 16/22/190 | avg time: 57.92 s | avg iter: 123.50
06-15 19:35 root         INFO     Synthesis route found!
06-15 19:35 root         INFO     Final search status | success value | iter: 1.118158451202842 | 1.000117104361394 | 4
06-15 19:35 root         INFO     Succ: 17/23/190 | avg time: 55.46 s | avg iter: 118.30
06-15 19:36 root         INFO     Synthesis route found!
06-15 19:36 root         INFO     Final search status | success value | iter: 9.09101102611613 | 9.830484812148162 | 108
06-15 19:36 root         INFO     Succ: 18/24/190 | avg time: 56.43 s | avg iter: 117.88
06-15 19:39 root         INFO     Final search status | success value | iter: 9.282300327288459 | inf | 300
06-15 19:39 root         INFO     Succ: 18/25/190 | avg time: 60.55 s | avg iter: 125.16
06-15 19:39 root         INFO     Synthesis route found!
06-15 19:39 root         INFO     Final search status | success value | iter: 0.6804606817047936 | 0.15868886234794674 | 3
06-15 19:39 root         INFO     Succ: 19/26/190 | avg time: 58.25 s | avg iter: 120.46
06-15 19:41 root         INFO     Final search status | success value | iter: 8.685767948161939 | inf | 300
06-15 19:41 root         INFO     Succ: 19/27/190 | avg time: 60.82 s | avg iter: 127.11
06-15 19:43 root         INFO     Final search status | success value | iter: 10.329872879462256 | inf | 300
06-15 19:43 root         INFO     Succ: 19/28/190 | avg time: 62.43 s | avg iter: 133.29
06-15 19:43 root         INFO     Synthesis route found!
06-15 19:43 root         INFO     Final search status | success value | iter: 1.6148480393300646 | 0.1493237053340264 | 7
06-15 19:43 root         INFO     Succ: 20/29/190 | avg time: 60.43 s | avg iter: 128.93
06-15 19:43 root         INFO     Synthesis route found!
06-15 19:43 root         INFO     Final search status | success value | iter: 5.517685119975096 | 10.941444600019466 | 62
06-15 19:43 root         INFO     Succ: 21/30/190 | avg time: 59.16 s | avg iter: 126.70
06-15 19:44 root         INFO     Synthesis route found!
06-15 19:44 root         INFO     Final search status | success value | iter: 8.51644166668091 | 6.532385034366952 | 52
06-15 19:44 root         INFO     Succ: 22/31/190 | avg time: 58.25 s | avg iter: 124.29
06-15 19:45 root         INFO     Synthesis route found!
06-15 19:45 root         INFO     Final search status | success value | iter: 6.945224743350874 | 9.182854960702512 | 185
06-15 19:45 root         INFO     Succ: 23/32/190 | avg time: 58.73 s | avg iter: 126.19
06-15 19:45 root         INFO     Synthesis route found!
06-15 19:45 root         INFO     Final search status | success value | iter: 6.716696420396202 | 11.681502095409613 | 21
06-15 19:45 root         INFO     Succ: 24/33/190 | avg time: 57.30 s | avg iter: 123.00
06-15 19:47 root         INFO     Synthesis route found!
06-15 19:47 root         INFO     Final search status | success value | iter: 7.953361269488798 | 9.825981236300137 | 235
06-15 19:47 root         INFO     Succ: 25/34/190 | avg time: 59.75 s | avg iter: 126.29
06-15 19:48 root         INFO     Synthesis route found!
06-15 19:48 root         INFO     Final search status | success value | iter: 5.2462762931357245 | 5.610577658685056 | 62
06-15 19:48 root         INFO     Succ: 26/35/190 | avg time: 58.77 s | avg iter: 124.46
06-15 19:49 root         INFO     Synthesis route found!
06-15 19:49 root         INFO     Final search status | success value | iter: 10.114618856352363 | 15.585892063457973 | 138
06-15 19:49 root         INFO     Succ: 27/36/190 | avg time: 59.22 s | avg iter: 124.83
06-15 19:49 root         INFO     Synthesis route found!
06-15 19:49 root         INFO     Final search status | success value | iter: 7.404578196310621 | 7.493105589551288 | 14
06-15 19:49 root         INFO     Succ: 28/37/190 | avg time: 57.78 s | avg iter: 121.84
06-15 19:50 root         INFO     Synthesis route found!
06-15 19:50 root         INFO     Final search status | success value | iter: 8.81804140870041 | 9.18234277424974 | 159
06-15 19:50 root         INFO     Succ: 29/38/190 | avg time: 57.94 s | avg iter: 122.82
06-15 19:50 root         INFO     Expansion fails on [O-][I+2]([O-])O[I+2]([O-])[O-]!
06-15 19:52 root         INFO     Synthesis route found!
06-15 19:52 root         INFO     Final search status | success value | iter: 10.51569443775466 | 10.726475312185158 | 275
06-15 19:52 root         INFO     Succ: 30/39/190 | avg time: 58.90 s | avg iter: 126.72
06-15 19:52 root         INFO     Synthesis route found!
06-15 19:52 root         INFO     Final search status | success value | iter: 6.147353004775667 | 6.793246940038461 | 63
06-15 19:52 root         INFO     Succ: 31/40/190 | avg time: 58.11 s | avg iter: 125.12
06-15 19:55 root         INFO     Synthesis route found!
06-15 19:55 root         INFO     Final search status | success value | iter: 10.507809261533442 | 10.033588673574283 | 260
06-15 19:55 root         INFO     Succ: 32/41/190 | avg time: 61.18 s | avg iter: 128.41
06-15 19:55 root         INFO     Synthesis route found!
06-15 19:55 root         INFO     Final search status | success value | iter: 3.806963832082467 | 3.035671036082743 | 12
06-15 19:55 root         INFO     Succ: 33/42/190 | avg time: 59.81 s | avg iter: 125.64
06-15 19:55 root         INFO     Synthesis route found!
06-15 19:55 root         INFO     Final search status | success value | iter: 0.3187754179661568 | 0.05523783756119358 | 2
06-15 19:55 root         INFO     Succ: 34/43/190 | avg time: 58.44 s | avg iter: 122.77
06-15 19:59 root         INFO     Final search status | success value | iter: 10.877577178076846 | inf | 300
06-15 19:59 root         INFO     Succ: 34/44/190 | avg time: 62.04 s | avg iter: 126.80
06-15 19:59 root         INFO     Synthesis route found!
06-15 19:59 root         INFO     Final search status | success value | iter: 6.915605230734158 | 11.880410905747569 | 14
06-15 19:59 root         INFO     Succ: 35/45/190 | avg time: 60.77 s | avg iter: 124.29
06-15 20:02 root         INFO     Final search status | success value | iter: 8.96302184632649 | inf | 300
06-15 20:02 root         INFO     Succ: 35/46/190 | avg time: 63.05 s | avg iter: 128.11
06-15 20:04 root         INFO     Final search status | success value | iter: 14.693245216367965 | inf | 300
06-15 20:04 root         INFO     Succ: 35/47/190 | avg time: 64.91 s | avg iter: 131.77
06-15 20:06 root         INFO     Final search status | success value | iter: 7.857803371558213 | inf | 300
06-15 20:06 root         INFO     Succ: 35/48/190 | avg time: 65.83 s | avg iter: 135.27
06-15 20:06 root         INFO     Expansion fails on Cn1oc(=O)nc1SSc1nc(=O)on1C!
06-15 20:06 root         INFO     Expansion fails on Cn1oc(=O)nc1S(=O)[O-]!
06-15 20:07 root         INFO     Expansion fails on Cn1oc(=O)nc1SC#N!
06-15 20:07 root         INFO     Expansion fails on Cn1oc(=O)nc1SC(=O)Cl!
06-15 20:07 root         INFO     Expansion fails on Cn1oc(=O)nc1SSc1nc(=O)on1C!
06-15 20:07 root         INFO     Expansion fails on Cn1oc(=O)nc1SSc1nc(=O)on1C!
06-15 20:07 root         INFO     Synthesis route found!
06-15 20:07 root         INFO     Final search status | success value | iter: 7.188219894004487 | 6.98734119690124 | 214
06-15 20:07 root         INFO     Succ: 36/49/190 | avg time: 65.90 s | avg iter: 136.88
06-15 20:09 root         INFO     Synthesis route found!
06-15 20:09 root         INFO     Final search status | success value | iter: 9.127041734975544 | 7.307291213034539 | 132
06-15 20:09 root         INFO     Succ: 37/50/190 | avg time: 66.00 s | avg iter: 136.78
06-15 20:10 root         INFO     Synthesis route found!
06-15 20:10 root         INFO     Final search status | success value | iter: 6.7428619269740775 | 12.1465023396995 | 158
06-15 20:10 root         INFO     Succ: 38/51/190 | avg time: 65.80 s | avg iter: 137.20
06-15 20:10 root         INFO     Synthesis route found!
06-15 20:10 root         INFO     Final search status | success value | iter: 1.502589505922184 | 1.3985584031470597 | 9
06-15 20:10 root         INFO     Succ: 39/52/190 | avg time: 64.62 s | avg iter: 134.73
06-15 20:10 root         INFO     Synthesis route found!
06-15 20:10 root         INFO     Final search status | success value | iter: 5.748808549643619 | 5.563439617492666 | 114
06-15 20:10 root         INFO     Succ: 40/53/190 | avg time: 64.28 s | avg iter: 134.34
06-15 20:10 root         INFO     Synthesis route found!
06-15 20:10 root         INFO     Final search status | success value | iter: 0.9104225013362738 | 5.000990542313033 | 3
06-15 20:10 root         INFO     Succ: 41/54/190 | avg time: 63.13 s | avg iter: 131.91
06-15 20:11 root         INFO     Synthesis route found!
06-15 20:11 root         INFO     Final search status | success value | iter: 5.517697107655504 | 10.941456587699875 | 63
06-15 20:11 root         INFO     Succ: 42/55/190 | avg time: 62.41 s | avg iter: 130.65
06-15 20:11 root         INFO     Synthesis route found!
06-15 20:11 root         INFO     Final search status | success value | iter: 7.341991596855138 | 6.908811575949168 | 8
06-15 20:11 root         INFO     Succ: 43/56/190 | avg time: 61.39 s | avg iter: 128.46
06-15 20:12 root         INFO     Synthesis route found!
06-15 20:12 root         INFO     Final search status | success value | iter: 7.663849701444353 | 6.533857115875609 | 73
06-15 20:12 root         INFO     Succ: 44/57/190 | avg time: 61.14 s | avg iter: 127.49
06-15 20:13 root         INFO     Final search status | success value | iter: 10.056770164831509 | inf | 300
06-15 20:13 root         INFO     Succ: 44/58/190 | avg time: 61.84 s | avg iter: 130.47
06-15 20:13 root         INFO     Expansion fails on C[Mg]Br!
06-15 20:14 root         INFO     Synthesis route found!
06-15 20:14 root         INFO     Final search status | success value | iter: 8.482053927495254 | 7.6127629076643455 | 15
06-15 20:14 root         INFO     Succ: 45/59/190 | avg time: 60.94 s | avg iter: 128.51
06-15 20:14 root         INFO     Synthesis route found!
06-15 20:14 root         INFO     Final search status | success value | iter: 1.756181063842763 | 0.29065672984672475 | 8
06-15 20:14 root         INFO     Succ: 46/60/190 | avg time: 59.97 s | avg iter: 126.50
06-15 20:14 root         INFO     Synthesis route found!
06-15 20:14 root         INFO     Final search status | success value | iter: 5.947788291050903 | 12.681287424078906 | 46
06-15 20:14 root         INFO     Succ: 47/61/190 | avg time: 59.24 s | avg iter: 125.18
06-15 20:17 root         INFO     Synthesis route found!
06-15 20:17 root         INFO     Final search status | success value | iter: 10.29905321429912 | 12.50872321455683 | 290
06-15 20:17 root         INFO     Succ: 48/62/190 | avg time: 61.38 s | avg iter: 127.84
06-15 20:17 root         INFO     Synthesis route found!
06-15 20:17 root         INFO     Final search status | success value | iter: 5.883448214958186 | 5.558977599368303 | 23
06-15 20:17 root         INFO     Succ: 49/63/190 | avg time: 60.55 s | avg iter: 126.17
06-15 20:21 root         INFO     Synthesis route found!
06-15 20:21 root         INFO     Final search status | success value | iter: 9.416377359641361 | 9.166144386791428 | 296
06-15 20:21 root         INFO     Succ: 50/64/190 | avg time: 62.88 s | avg iter: 128.83
06-15 20:22 root         INFO     Synthesis route found!
06-15 20:22 root         INFO     Final search status | success value | iter: 8.86483467915473 | 15.333305633490868 | 223
06-15 20:22 root         INFO     Succ: 51/65/190 | avg time: 63.32 s | avg iter: 130.28
06-15 20:25 root         INFO     Final search status | success value | iter: 9.089206164314282 | inf | 300
06-15 20:25 root         INFO     Succ: 51/66/190 | avg time: 64.89 s | avg iter: 132.85
06-15 20:25 root         INFO     Synthesis route found!
06-15 20:25 root         INFO     Final search status | success value | iter: 7.024698727764104 | 6.908198974809603 | 36
06-15 20:25 root         INFO     Succ: 52/67/190 | avg time: 64.18 s | avg iter: 131.40
06-15 20:26 root         INFO     Synthesis route found!
06-15 20:26 root         INFO     Final search status | success value | iter: 9.705545960411087 | 14.273233677855751 | 47
06-15 20:26 root         INFO     Succ: 53/68/190 | avg time: 63.48 s | avg iter: 130.16
06-15 20:26 root         INFO     Synthesis route found!
06-15 20:26 root         INFO     Final search status | success value | iter: 7.758414053115052 | 9.534258468301125 | 110
06-15 20:26 root         INFO     Succ: 54/69/190 | avg time: 63.17 s | avg iter: 129.87
06-15 20:30 root         INFO     Final search status | success value | iter: 9.373601247205935 | inf | 300
06-15 20:30 root         INFO     Succ: 54/70/190 | avg time: 65.47 s | avg iter: 132.30
06-15 20:31 root         INFO     Synthesis route found!
06-15 20:31 root         INFO     Final search status | success value | iter: 9.437960290349935 | 8.714302603350754 | 172
06-15 20:31 root         INFO     Succ: 55/71/190 | avg time: 65.46 s | avg iter: 132.86
06-15 20:32 root         INFO     Synthesis route found!
06-15 20:32 root         INFO     Final search status | success value | iter: 7.207393103279088 | 12.03642754089158 | 73
06-15 20:32 root         INFO     Succ: 56/72/190 | avg time: 64.92 s | avg iter: 132.03
06-15 20:32 root         INFO     Synthesis route found!
06-15 20:32 root         INFO     Final search status | success value | iter: 6.751486246237048 | 13.122863141582709 | 35
06-15 20:32 root         INFO     Succ: 57/73/190 | avg time: 64.28 s | avg iter: 130.70
06-15 20:32 root         INFO     Synthesis route found!
06-15 20:32 root         INFO     Final search status | success value | iter: 8.973513864143515 | 8.61426195844696 | 36
06-15 20:32 root         INFO     Succ: 58/74/190 | avg time: 63.69 s | avg iter: 129.42
06-15 20:33 root         INFO     Expansion fails on C=C1CC2(CC[C@]1(C)[C@H]1CC[C@]3(C)[C@@H](N(C=O)C4CC4)CC[C@H]3[C@@H]1CC#C[Si](C)(C)C)OCCO2!
06-15 20:34 root         INFO     Final search status | success value | iter: 13.891072574696727 | inf | 300
06-15 20:34 root         INFO     Succ: 58/75/190 | avg time: 64.48 s | avg iter: 131.69
06-15 20:35 root         INFO     Synthesis route found!
06-15 20:35 root         INFO     Final search status | success value | iter: 7.573298656381581 | 13.815510557964274 | 123
06-15 20:35 root         INFO     Succ: 59/76/190 | avg time: 64.26 s | avg iter: 131.58
06-15 20:35 root         INFO     Synthesis route found!
06-15 20:35 root         INFO     Final search status | success value | iter: 6.2417383424739326 | 12.975237475501938 | 34
06-15 20:35 root         INFO     Succ: 60/77/190 | avg time: 63.58 s | avg iter: 130.31
06-15 20:35 root         INFO     Synthesis route found!
06-15 20:35 root         INFO     Final search status | success value | iter: 0.4964582611383883 | 0.1792704496043428 | 2
06-15 20:35 root         INFO     Succ: 61/78/190 | avg time: 62.77 s | avg iter: 128.67
06-15 20:35 root         INFO     Synthesis route found!
06-15 20:35 root         INFO     Final search status | success value | iter: 2.4826226637034474 | 4.18174414717487 | 3
06-15 20:35 root         INFO     Succ: 62/79/190 | avg time: 62.00 s | avg iter: 127.08
06-15 20:38 root         INFO     Final search status | success value | iter: 8.971657221202301 | inf | 300
06-15 20:38 root         INFO     Succ: 62/80/190 | avg time: 63.37 s | avg iter: 129.24
06-15 20:39 root         INFO     Synthesis route found!
06-15 20:39 root         INFO     Final search status | success value | iter: 7.047044562534493 | 13.20568604337515 | 118
06-15 20:39 root         INFO     Succ: 63/81/190 | avg time: 63.12 s | avg iter: 129.10
06-15 20:43 root         INFO     Final search status | success value | iter: 14.502879828300689 | inf | 300
06-15 20:43 root         INFO     Succ: 63/82/190 | avg time: 65.05 s | avg iter: 131.18
06-15 20:44 root         INFO     Synthesis route found!
06-15 20:44 root         INFO     Final search status | success value | iter: 8.116110941166784 | 6.907909577416096 | 242
06-15 20:44 root         INFO     Succ: 64/83/190 | avg time: 65.59 s | avg iter: 132.52
06-15 20:45 root         INFO     Expansion fails on C[C@@H](n1ccn(C(=O)OC(C)(C)C)c1=O)[C@@]1(c2cc(Cl)c(F)cc2F)CO1!
06-15 20:45 root         INFO     Expansion fails on C[C@@H](n1ccn(C(=O)OC(C)(C)C)c1=O)[C@@]1(c2cc(Cl)c(F)cc2F)CO1!
06-15 20:46 root         INFO     Expansion fails on C[C@@H](n1ccn(C(=O)OC(C)(C)C)c1=O)[C@@]1(c2ccc(F)c(Cl)c2F)CO1!
06-15 20:46 root         INFO     Expansion fails on C[C@@H](n1ccn(C(=O)OC(C)(C)C)c1=O)[C@@]1(c2ccc(F)c(Cl)c2F)CO1!
06-15 20:46 root         INFO     Expansion fails on C[C@@H](n1ccn(C(=O)OC(C)(C)C)c1=O)[C@@]1(c2cc(Cl)c(F)cc2F)CO1!
06-15 20:46 root         INFO     Final search status | success value | iter: 9.828417971969508 | inf | 300
06-15 20:46 root         INFO     Succ: 64/84/190 | avg time: 66.14 s | avg iter: 134.51
06-15 20:47 root         INFO     Synthesis route found!
06-15 20:47 root         INFO     Final search status | success value | iter: 6.145627021660717 | 10.153771012275078 | 69
06-15 20:47 root         INFO     Succ: 65/85/190 | avg time: 65.90 s | avg iter: 133.74
06-15 20:47 root         INFO     Synthesis route found!
06-15 20:47 root         INFO     Final search status | success value | iter: 8.507159375347985 | 13.720676766991017 | 31
06-15 20:47 root         INFO     Succ: 66/86/190 | avg time: 65.26 s | avg iter: 132.55
06-15 20:48 root         INFO     Synthesis route found!
06-15 20:48 root         INFO     Final search status | success value | iter: 7.1467634062956655 | 12.55410960903689 | 40
06-15 20:48 root         INFO     Succ: 67/87/190 | avg time: 64.76 s | avg iter: 131.48
06-15 20:50 root         INFO     Final search status | success value | iter: 10.629882914340996 | inf | 300
06-15 20:50 root         INFO     Succ: 67/88/190 | avg time: 65.65 s | avg iter: 133.40
06-15 20:50 root         INFO     Expansion fails on CC1=CC=CC(C)(C(F)(F)F)C1!
06-15 20:50 root         INFO     Synthesis route found!
06-15 20:50 root         INFO     Final search status | success value | iter: 2.5839557447344355 | 0.7425032796895402 | 9
06-15 20:50 root         INFO     Succ: 68/89/190 | avg time: 64.94 s | avg iter: 132.00
06-15 20:52 root         INFO     Synthesis route found!
06-15 20:52 root         INFO     Final search status | success value | iter: 8.818004717404726 | 9.182306082954057 | 236
06-15 20:52 root         INFO     Succ: 69/90/190 | avg time: 65.35 s | avg iter: 133.16
06-15 20:53 root         INFO     Final search status | success value | iter: 10.697032089390884 | inf | 300
06-15 20:53 root         INFO     Succ: 69/91/190 | avg time: 65.85 s | avg iter: 134.99
06-15 20:54 root         INFO     Synthesis route found!
06-15 20:54 root         INFO     Final search status | success value | iter: 1.3206820401226018 | 0.961950935821048 | 6
06-15 20:54 root         INFO     Succ: 70/92/190 | avg time: 65.16 s | avg iter: 133.59
06-15 20:54 root         INFO     Synthesis route found!
06-15 20:54 root         INFO     Final search status | success value | iter: 1.5194849032724989 | 1.9179749743983998 | 4
06-15 20:54 root         INFO     Succ: 71/93/190 | avg time: 64.47 s | avg iter: 132.19
06-15 20:54 root         INFO     Synthesis route found!
06-15 20:54 root         INFO     Final search status | success value | iter: 0.4688097864260526 | 0.10300111578603349 | 4
06-15 20:54 root         INFO     Succ: 72/94/190 | avg time: 63.80 s | avg iter: 130.83
06-15 20:57 root         INFO     Final search status | success value | iter: 9.354386519577474 | inf | 300
06-15 20:57 root         INFO     Succ: 72/95/190 | avg time: 65.04 s | avg iter: 132.61
06-15 20:57 root         INFO     Synthesis route found!
06-15 20:57 root         INFO     Final search status | success value | iter: 6.6169702521048865 | 12.988347147450547 | 26
06-15 20:57 root         INFO     Succ: 73/96/190 | avg time: 64.46 s | avg iter: 131.50
06-15 20:58 root         INFO     Synthesis route found!
06-15 20:58 root         INFO     Final search status | success value | iter: 7.53939055423502 | 12.354451862418282 | 169
06-15 20:58 root         INFO     Succ: 74/97/190 | avg time: 64.49 s | avg iter: 131.89
06-15 21:00 root         INFO     Synthesis route found!
06-15 21:00 root         INFO     Final search status | success value | iter: 8.796632439848095 | 7.563322868654191 | 225
06-15 21:00 root         INFO     Succ: 75/98/190 | avg time: 64.93 s | avg iter: 132.84
06-15 21:00 root         INFO     Synthesis route found!
06-15 21:00 root         INFO     Final search status | success value | iter: 6.0951636848698225 | 12.613824789943726 | 39
06-15 21:00 root         INFO     Succ: 76/99/190 | avg time: 64.50 s | avg iter: 131.89
06-15 21:01 root         INFO     Synthesis route found!
06-15 21:01 root         INFO     Final search status | success value | iter: 8.576332124786543 | 13.94366929614324 | 109
06-15 21:01 root         INFO     Succ: 77/100/190 | avg time: 64.24 s | avg iter: 131.66
06-15 21:02 root         INFO     Synthesis route found!
06-15 21:02 root         INFO     Final search status | success value | iter: 7.116153024129638 | 10.057556349174346 | 183
06-15 21:02 root         INFO     Succ: 78/101/190 | avg time: 64.34 s | avg iter: 132.17
06-15 21:06 root         INFO     Final search status | success value | iter: 10.838164833548383 | inf | 300
06-15 21:06 root         INFO     Succ: 78/102/190 | avg time: 65.82 s | avg iter: 133.81
06-15 21:08 root         INFO     Final search status | success value | iter: 9.773483132068614 | inf | 300
06-15 21:08 root         INFO     Succ: 78/103/190 | avg time: 66.72 s | avg iter: 135.43
06-15 21:10 root         INFO     Final search status | success value | iter: 11.419214828599449 | inf | 300
06-15 21:10 root         INFO     Succ: 78/104/190 | avg time: 67.39 s | avg iter: 137.01
06-15 21:11 root         INFO     Synthesis route found!
06-15 21:11 root         INFO     Final search status | success value | iter: 8.577171471182165 | 13.944508642538864 | 130
06-15 21:11 root         INFO     Succ: 79/105/190 | avg time: 67.16 s | avg iter: 136.94
06-15 21:11 root         INFO     Synthesis route found!
06-15 21:11 root         INFO     Final search status | success value | iter: 5.657562932563531 | 9.602766970025613 | 29
06-15 21:11 root         INFO     Succ: 80/106/190 | avg time: 66.65 s | avg iter: 135.92
06-15 21:12 root         INFO     Synthesis route found!
06-15 21:12 root         INFO     Final search status | success value | iter: 6.810355927014235 | 8.671369576919467 | 28
06-15 21:12 root         INFO     Succ: 81/107/190 | avg time: 66.16 s | avg iter: 134.92
06-15 21:12 root         INFO     Synthesis route found!
06-15 21:12 root         INFO     Final search status | success value | iter: 1.1349772294782312 | 0.7762461251766773 | 6
06-15 21:12 root         INFO     Succ: 82/108/190 | avg time: 65.56 s | avg iter: 133.72
06-15 21:12 root         INFO     Synthesis route found!
06-15 21:12 root         INFO     Final search status | success value | iter: 5.212216411395433 | 4.9207164470641045 | 11
06-15 21:12 root         INFO     Succ: 83/109/190 | avg time: 65.01 s | avg iter: 132.60
06-15 21:12 root         INFO     Synthesis route found!
06-15 21:12 root         INFO     Final search status | success value | iter: 7.018629618054778 | 5.880624687378319 | 26
06-15 21:12 root         INFO     Succ: 84/110/190 | avg time: 64.52 s | avg iter: 131.63
06-15 21:13 root         INFO     Synthesis route found!
06-15 21:13 root         INFO     Final search status | success value | iter: 8.724351479776224 | 14.091688651132921 | 142
06-15 21:13 root         INFO     Succ: 85/111/190 | avg time: 64.37 s | avg iter: 131.72
06-15 21:13 root         INFO     Synthesis route found!
06-15 21:13 root         INFO     Final search status | success value | iter: 2.593432540753033 | 1.8221397447533085 | 7
06-15 21:13 root         INFO     Succ: 86/112/190 | avg time: 63.82 s | avg iter: 130.61
06-15 21:13 root         INFO     Synthesis route found!
06-15 21:13 root         INFO     Final search status | success value | iter: 6.454020369041931 | 7.0999143043047255 | 73
06-15 21:13 root         INFO     Succ: 87/113/190 | avg time: 63.54 s | avg iter: 130.10
06-15 21:13 root         INFO     Synthesis route found!
06-15 21:13 root         INFO     Final search status | success value | iter: 0.5399270903838933 | 0.31174827629440227 | 7
06-15 21:13 root         INFO     Succ: 88/114/190 | avg time: 63.00 s | avg iter: 129.02
06-15 21:14 root         INFO     Synthesis route found!
06-15 21:14 root         INFO     Final search status | success value | iter: 12.774550515040756 | 12.485216285498204 | 158
06-15 21:14 root         INFO     Succ: 89/115/190 | avg time: 62.94 s | avg iter: 129.27
06-15 21:16 root         INFO     Final search status | success value | iter: 8.205315029265467 | inf | 300
06-15 21:16 root         INFO     Succ: 89/116/190 | avg time: 63.36 s | avg iter: 130.74
06-15 21:16 root         INFO     Expansion fails on Cn1oc(=O)nc1SSc1nc(=O)on1C!
06-15 21:16 root         INFO     Expansion fails on Cn1oc(=O)nc1S(=O)[O-]!
06-15 21:16 root         INFO     Expansion fails on Cn1oc(=O)nc1SC#N!
06-15 21:16 root         INFO     Expansion fails on Cn1oc(=O)nc1SC(=O)Cl!
06-15 21:17 root         INFO     Expansion fails on Cn1oc(=O)nc1SSc1nc(=O)on1C!
06-15 21:17 root         INFO     Expansion fails on Cn1oc(=O)nc1SSc1nc(=O)on1C!
06-15 21:17 root         INFO     Synthesis route found!
06-15 21:17 root         INFO     Final search status | success value | iter: 7.168810515089133 | 6.967931817985885 | 196
06-15 21:17 root         INFO     Succ: 90/117/190 | avg time: 63.33 s | avg iter: 131.30
06-15 21:17 root         INFO     Synthesis route found!
06-15 21:17 root         INFO     Final search status | success value | iter: 7.776533649355541 | 7.2541701591357555 | 21
06-15 21:17 root         INFO     Succ: 91/118/190 | avg time: 62.91 s | avg iter: 130.36
06-15 21:21 root         INFO     Final search status | success value | iter: 10.588481401725783 | inf | 300
06-15 21:21 root         INFO     Succ: 91/119/190 | avg time: 64.26 s | avg iter: 131.79
06-15 21:22 root         INFO     Synthesis route found!
06-15 21:22 root         INFO     Final search status | success value | iter: 10.594225113619906 | 15.161912831064573 | 114
06-15 21:22 root         INFO     Succ: 92/120/190 | avg time: 64.05 s | avg iter: 131.64
06-15 21:22 root         INFO     Synthesis route found!
06-15 21:22 root         INFO     Final search status | success value | iter: 0.8509127555050218 | 7.6666925765208305 | 6
06-15 21:22 root         INFO     Succ: 93/121/190 | avg time: 63.56 s | avg iter: 130.60
06-15 21:22 root         INFO     Synthesis route found!
06-15 21:22 root         INFO     Final search status | success value | iter: 5.878287387855437 | 5.779990810997024 | 19
06-15 21:22 root         INFO     Succ: 94/122/190 | avg time: 63.08 s | avg iter: 129.69
06-15 21:22 root         INFO     Synthesis route found!
06-15 21:22 root         INFO     Final search status | success value | iter: 7.146637472550188 | 12.553983675291413 | 40
06-15 21:22 root         INFO     Succ: 95/123/190 | avg time: 62.74 s | avg iter: 128.96
06-15 21:26 root         INFO     Final search status | success value | iter: 10.72018730211189 | inf | 300
06-15 21:26 root         INFO     Succ: 95/124/190 | avg time: 64.06 s | avg iter: 130.34
06-15 21:26 root         INFO     Synthesis route found!
06-15 21:26 root         INFO     Final search status | success value | iter: 5.964035994259364 | 12.697535127287367 | 48
06-15 21:26 root         INFO     Succ: 96/125/190 | avg time: 63.68 s | avg iter: 129.68
06-15 21:28 root         INFO     Final search status | success value | iter: 7.953343733256899 | inf | 300
06-15 21:28 root         INFO     Succ: 96/126/190 | avg time: 64.05 s | avg iter: 131.03
06-15 21:32 root         INFO     Final search status | success value | iter: 11.772526052439908 | inf | 300
06-15 21:32 root         INFO     Succ: 96/127/190 | avg time: 65.25 s | avg iter: 132.36
06-15 21:32 root         INFO     Synthesis route found!
06-15 21:32 root         INFO     Final search status | success value | iter: 4.030036663061609 | 3.8093265264867524 | 14
06-15 21:32 root         INFO     Succ: 97/128/190 | avg time: 64.77 s | avg iter: 131.44
06-15 21:32 root         INFO     Synthesis route found!
06-15 21:32 root         INFO     Final search status | success value | iter: 1.577418161863842 | 1.2186870575622881 | 6
06-15 21:32 root         INFO     Succ: 98/129/190 | avg time: 64.30 s | avg iter: 130.47
06-15 21:32 root         INFO     Synthesis route found!
06-15 21:32 root         INFO     Final search status | success value | iter: 7.249777794307643 | 9.463558758121607 | 92
06-15 21:32 root         INFO     Succ: 99/130/190 | avg time: 64.08 s | avg iter: 130.17
06-15 21:35 root         INFO     Final search status | success value | iter: 8.654309600871166 | inf | 300
06-15 21:35 root         INFO     Succ: 99/131/190 | avg time: 64.58 s | avg iter: 131.47
06-15 21:35 root         INFO     Expansion fails on [O-][I+2]([O-])O[I+2]([O-])[O-]!
06-15 21:36 root         INFO     Synthesis route found!
06-15 21:36 root         INFO     Final search status | success value | iter: 9.908085022645377 | 10.118865897075874 | 256
06-15 21:36 root         INFO     Succ: 100/132/190 | avg time: 64.78 s | avg iter: 132.41
06-15 21:37 root         INFO     Synthesis route found!
06-15 21:37 root         INFO     Final search status | success value | iter: 5.646292231937867 | 5.460923299786915 | 100
06-15 21:37 root         INFO     Succ: 101/133/190 | avg time: 64.59 s | avg iter: 132.17
06-15 21:37 root         INFO     Synthesis route found!
06-15 21:37 root         INFO     Final search status | success value | iter: 1.615025342635882 | 0.1495010086398438 | 8
06-15 21:37 root         INFO     Succ: 102/134/190 | avg time: 64.13 s | avg iter: 131.24
06-15 21:39 root         INFO     Final search status | success value | iter: 10.637135206955907 | inf | 300
06-15 21:39 root         INFO     Succ: 102/135/190 | avg time: 64.44 s | avg iter: 132.49
06-15 21:39 root         INFO     Synthesis route found!
06-15 21:39 root         INFO     Final search status | success value | iter: 7.050054801401485 | 7.007634767767941 | 45
06-15 21:39 root         INFO     Succ: 103/136/190 | avg time: 64.07 s | avg iter: 131.85
06-15 21:39 root         INFO     Synthesis route found!
06-15 21:39 root         INFO     Final search status | success value | iter: 10.19827403966329 | 11.67576996810844 | 2
06-15 21:39 root         INFO     Succ: 104/137/190 | avg time: 63.62 s | avg iter: 130.90
06-15 21:39 root         INFO     Synthesis route found!
06-15 21:39 root         INFO     Final search status | success value | iter: 6.834087378679418 | 13.597697958684085 | 11
06-15 21:39 root         INFO     Succ: 105/138/190 | avg time: 63.20 s | avg iter: 130.03
06-15 21:39 root         INFO     Synthesis route found!
06-15 21:39 root         INFO     Final search status | success value | iter: 2.482284228110294 | 4.181405711581717 | 2
06-15 21:39 root         INFO     Succ: 106/139/190 | avg time: 62.76 s | avg iter: 129.11
06-15 21:41 root         INFO     Synthesis route found!
06-15 21:41 root         INFO     Final search status | success value | iter: 9.588424213737033 | 9.338191240887095 | 179
06-15 21:41 root         INFO     Succ: 107/140/190 | avg time: 63.24 s | avg iter: 129.46
06-15 21:41 root         INFO     Synthesis route found!
06-15 21:41 root         INFO     Final search status | success value | iter: 8.518355646814578 | 8.606883040055246 | 21
06-15 21:41 root         INFO     Succ: 108/141/190 | avg time: 62.86 s | avg iter: 128.70
06-15 21:43 root         INFO     Final search status | success value | iter: 7.240375684954739 | inf | 300
06-15 21:43 root         INFO     Succ: 108/142/190 | avg time: 63.06 s | avg iter: 129.90
06-15 21:43 root         INFO     Synthesis route found!
06-15 21:43 root         INFO     Final search status | success value | iter: 0.3189690462684541 | 0.05543146586349089 | 3
06-15 21:43 root         INFO     Succ: 109/143/190 | avg time: 62.64 s | avg iter: 129.01
06-15 21:45 root         INFO     Synthesis route found!
06-15 21:45 root         INFO     Final search status | success value | iter: 10.24228825513265 | 9.547547837542893 | 241
06-15 21:45 root         INFO     Succ: 110/144/190 | avg time: 62.95 s | avg iter: 129.79
06-15 21:45 root         INFO     Synthesis route found!
06-15 21:45 root         INFO     Final search status | success value | iter: 0.28045712710467796 | 0.12211687132066922 | 4
06-15 21:45 root         INFO     Succ: 111/145/190 | avg time: 62.52 s | avg iter: 128.92
06-15 21:45 root         INFO     Synthesis route found!
06-15 21:45 root         INFO     Final search status | success value | iter: 7.065029903431984 | 6.96099880065686 | 9
06-15 21:45 root         INFO     Succ: 112/146/190 | avg time: 62.12 s | avg iter: 128.10
06-15 21:45 root         INFO     Synthesis route found!
06-15 21:45 root         INFO     Final search status | success value | iter: 1.6146161693389123 | 0.14909183534287399 | 6
06-15 21:45 root         INFO     Succ: 113/147/190 | avg time: 61.71 s | avg iter: 127.27
06-15 21:47 root         INFO     Synthesis route found!
06-15 21:47 root         INFO     Final search status | success value | iter: 8.49125578660556 | 8.855557152154894 | 287
06-15 21:47 root         INFO     Succ: 114/148/190 | avg time: 62.09 s | avg iter: 128.35
06-15 21:47 root         INFO     Synthesis route found!
06-15 21:47 root         INFO     Final search status | success value | iter: 0.3611795066642361 | 0.002448402362682142 | 5
06-15 21:47 root         INFO     Succ: 115/149/190 | avg time: 61.69 s | avg iter: 127.52
06-15 21:49 root         INFO     Synthesis route found!
06-15 21:49 root         INFO     Final search status | success value | iter: 9.661661038567729 | 10.197256600908245 | 194
06-15 21:49 root         INFO     Succ: 116/150/190 | avg time: 62.21 s | avg iter: 127.97
06-15 21:53 root         INFO     Synthesis route found!
06-15 21:53 root         INFO     Final search status | success value | iter: 9.00880494654489 | 8.75857197369495 | 286
06-15 21:53 root         INFO     Succ: 117/151/190 | avg time: 63.13 s | avg iter: 129.01
06-15 21:53 root         INFO     Synthesis route found!
06-15 21:53 root         INFO     Final search status | success value | iter: 1.6167005832279657 | 0.15117624923192766 | 8
06-15 21:53 root         INFO     Succ: 118/152/190 | avg time: 62.74 s | avg iter: 128.22
06-15 21:56 root         INFO     Final search status | success value | iter: 11.156741534107143 | inf | 300
06-15 21:56 root         INFO     Succ: 118/153/190 | avg time: 63.73 s | avg iter: 129.34
06-15 21:56 root         INFO     Synthesis route found!
06-15 21:56 root         INFO     Final search status | success value | iter: 1.9790137083807853 | 1.8609723615393372 | 4
06-15 21:56 root         INFO     Succ: 119/154/190 | avg time: 63.33 s | avg iter: 128.53
06-15 21:56 root         INFO     Synthesis route found!
06-15 21:56 root         INFO     Final search status | success value | iter: 5.212150536988503 | 4.920650572657174 | 9
06-15 21:56 root         INFO     Succ: 120/155/190 | avg time: 62.95 s | avg iter: 127.75
06-15 21:56 root         INFO     Synthesis route found!
06-15 21:56 root         INFO     Final search status | success value | iter: 1.8832080269998175 | 0.9929881061261816 | 6
06-15 21:56 root         INFO     Succ: 121/156/190 | avg time: 62.56 s | avg iter: 126.97
06-15 21:58 root         INFO     Final search status | success value | iter: 8.338575009420829 | inf | 300
06-15 21:58 root         INFO     Succ: 121/157/190 | avg time: 62.83 s | avg iter: 128.08
06-15 22:01 root         INFO     Synthesis route found!
06-15 22:01 root         INFO     Final search status | success value | iter: 10.299779445749666 | 12.509449446007377 | 291
06-15 22:01 root         INFO     Succ: 122/158/190 | avg time: 63.72 s | avg iter: 129.11
06-15 22:03 root         INFO     Synthesis route found!
06-15 22:03 root         INFO     Final search status | success value | iter: 8.818317314011825 | 9.182618679561157 | 179
06-15 22:03 root         INFO     Succ: 123/159/190 | avg time: 63.79 s | avg iter: 129.42
06-15 22:04 root         INFO     Final search status | success value | iter: 8.25589270947663 | inf | 300
06-15 22:04 root         INFO     Succ: 123/160/190 | avg time: 64.08 s | avg iter: 130.49
06-15 22:08 root         INFO     Synthesis route found!
06-15 22:08 root         INFO     Final search status | success value | iter: 9.251333626388936 | 9.001100653539003 | 295
06-15 22:08 root         INFO     Succ: 124/161/190 | avg time: 64.99 s | avg iter: 131.51
06-15 22:08 root         INFO     Synthesis route found!
06-15 22:08 root         INFO     Final search status | success value | iter: 2.9636449257461286 | 2.8596138229710037 | 9
06-15 22:08 root         INFO     Succ: 125/162/190 | avg time: 64.61 s | avg iter: 130.75
06-15 22:15 root         INFO     Final search status | success value | iter: 6.138184436566385 | inf | 300
06-15 22:15 root         INFO     Succ: 125/163/190 | avg time: 66.70 s | avg iter: 131.79
06-15 22:16 root         INFO     Synthesis route found!
06-15 22:16 root         INFO     Final search status | success value | iter: 7.313723162443504 | 7.05799161734527 | 154
06-15 22:16 root         INFO     Succ: 126/164/190 | avg time: 66.69 s | avg iter: 131.93
06-15 22:17 root         INFO     Final search status | success value | iter: 7.247038416291685 | inf | 300
06-15 22:17 root         INFO     Succ: 126/165/190 | avg time: 66.85 s | avg iter: 132.95
06-15 22:19 root         INFO     Synthesis route found!
06-15 22:19 root         INFO     Final search status | success value | iter: 7.52098264638326 | 6.924602152073486 | 177
06-15 22:19 root         INFO     Succ: 127/166/190 | avg time: 66.92 s | avg iter: 133.21
06-15 22:19 root         INFO     Synthesis route found!
06-15 22:19 root         INFO     Final search status | success value | iter: 6.1035574984268575 | 5.779086882836974 | 20
06-15 22:19 root         INFO     Succ: 128/167/190 | avg time: 66.57 s | avg iter: 132.53
06-15 22:19 root         INFO     Synthesis route found!
06-15 22:19 root         INFO     Final search status | success value | iter: 1.5194602225048344 | 1.9179502936307353 | 3
06-15 22:19 root         INFO     Succ: 129/168/190 | avg time: 66.18 s | avg iter: 131.76
06-15 22:19 root         INFO     Synthesis route found!
06-15 22:19 root         INFO     Final search status | success value | iter: 0.43534477253554477 | 0.40803303597633195 | 2
06-15 22:19 root         INFO     Succ: 130/169/190 | avg time: 65.79 s | avg iter: 130.99
06-15 22:20 root         INFO     Synthesis route found!
06-15 22:20 root         INFO     Final search status | success value | iter: 7.653182410634969 | 6.919384684439255 | 132
06-15 22:20 root         INFO     Succ: 131/170/190 | avg time: 65.68 s | avg iter: 131.00
06-15 22:20 root         INFO     Synthesis route found!
06-15 22:20 root         INFO     Final search status | success value | iter: 0.39588032530264267 | 0.03714922100108876 | 6
06-15 22:20 root         INFO     Succ: 132/171/190 | avg time: 65.31 s | avg iter: 130.27
06-15 22:20 root         INFO     Synthesis route found!
06-15 22:20 root         INFO     Final search status | success value | iter: 6.96342424396417 | 7.308990534797178 | 54
06-15 22:20 root         INFO     Succ: 133/172/190 | avg time: 65.11 s | avg iter: 129.83
06-15 22:21 root         INFO     Synthesis route found!
06-15 22:21 root         INFO     Final search status | success value | iter: 8.007610532232688 | 7.825727643100901 | 127
06-15 22:21 root         INFO     Succ: 134/173/190 | avg time: 65.08 s | avg iter: 129.81
06-15 22:23 root         INFO     Synthesis route found!
06-15 22:23 root         INFO     Final search status | success value | iter: 9.858937702641164 | 10.069718577071662 | 241
06-15 22:23 root         INFO     Succ: 135/174/190 | avg time: 65.19 s | avg iter: 130.45
06-15 22:24 root         INFO     Synthesis route found!
06-15 22:24 root         INFO     Final search status | success value | iter: 8.992244401017226 | 9.731718187049259 | 96
06-15 22:24 root         INFO     Succ: 136/175/190 | avg time: 65.23 s | avg iter: 130.25
06-15 22:24 root         INFO     Synthesis route found!
06-15 22:24 root         INFO     Final search status | success value | iter: 8.189521629467736 | 14.502965671114666 | 82
06-15 22:24 root         INFO     Succ: 137/176/190 | avg time: 65.00 s | avg iter: 129.98
06-15 22:25 root         INFO     Synthesis route found!
06-15 22:25 root         INFO     Final search status | success value | iter: 7.601548365857093 | 13.202162221613829 | 69
06-15 22:25 root         INFO     Succ: 138/177/190 | avg time: 64.78 s | avg iter: 129.63
06-15 22:27 root         INFO     Final search status | success value | iter: 9.460776689319776 | inf | 300
06-15 22:27 root         INFO     Succ: 138/178/190 | avg time: 65.20 s | avg iter: 130.59
06-15 22:27 root         INFO     Synthesis route found!
06-15 22:27 root         INFO     Final search status | success value | iter: 7.350249194539998 | 8.010488592432086 | 12
06-15 22:27 root         INFO     Succ: 139/179/190 | avg time: 64.89 s | avg iter: 129.93
06-15 22:29 root         INFO     Final search status | success value | iter: 10.833124920746513 | inf | 300
06-15 22:29 root         INFO     Succ: 139/180/190 | avg time: 65.19 s | avg iter: 130.87
06-15 22:29 root         INFO     Synthesis route found!
06-15 22:29 root         INFO     Final search status | success value | iter: 0.6853108654453623 | 0.16353904608851533 | 4
06-15 22:29 root         INFO     Succ: 140/181/190 | avg time: 64.84 s | avg iter: 130.17
06-15 22:29 root         INFO     Synthesis route found!
06-15 22:29 root         INFO     Final search status | success value | iter: 8.288437722822046 | 9.380355516593427 | 35
06-15 22:29 root         INFO     Succ: 141/182/190 | avg time: 64.55 s | avg iter: 129.65
06-15 22:30 root         INFO     Synthesis route found!
06-15 22:30 root         INFO     Final search status | success value | iter: 7.247673145720005 | 13.368464127407526 | 36
06-15 22:30 root         INFO     Succ: 142/183/190 | avg time: 64.27 s | avg iter: 129.14
06-15 22:30 root         INFO     Synthesis route found!
06-15 22:30 root         INFO     Final search status | success value | iter: 4.670101459146665 | 5.271613119137793 | 9
06-15 22:30 root         INFO     Succ: 143/184/190 | avg time: 63.93 s | avg iter: 128.48
06-15 22:31 root         INFO     Final search status | success value | iter: 6.954221609859373 | inf | 300
06-15 22:31 root         INFO     Succ: 143/185/190 | avg time: 64.16 s | avg iter: 129.41
06-15 22:31 root         INFO     Synthesis route found!
06-15 22:31 root         INFO     Final search status | success value | iter: 0.14651114316515443 | 0.00623468446402021 | 4
06-15 22:31 root         INFO     Succ: 144/186/190 | avg time: 63.82 s | avg iter: 128.74
06-15 22:34 root         INFO     Final search status | success value | iter: 8.665977065933959 | inf | 300
06-15 22:34 root         INFO     Succ: 144/187/190 | avg time: 64.17 s | avg iter: 129.65
06-15 22:34 root         INFO     Synthesis route found!
06-15 22:34 root         INFO     Final search status | success value | iter: 1.6171284509975188 | 0.1516041170014805 | 8
06-15 22:34 root         INFO     Succ: 145/188/190 | avg time: 63.86 s | avg iter: 129.01
06-15 22:37 root         INFO     Final search status | success value | iter: 10.975829356399627 | inf | 300
06-15 22:37 root         INFO     Succ: 145/189/190 | avg time: 64.64 s | avg iter: 129.91
06-15 22:40 root         INFO     Final search status | success value | iter: 9.250455008744957 | inf | 300
06-15 22:40 root         INFO     Succ: 145/190/190 | avg time: 65.31 s | avg iter: 130.81
